<?xml version="1.0" encoding="utf-8"?>
<CoverageSession xmlns:xsd="http://www.w3.org/2001/XMLSchema" xmlns:xsi="http://www.w3.org/2001/XMLSchema-instance" Version="4.6.0.0">
  <Summary numSequencePoints="559" visitedSequencePoints="258" numBranchPoints="177" visitedBranchPoints="51" sequenceCoverage="46.15" branchCoverage="28.81" maxCyclomaticComplexity="13" minCyclomaticComplexity="1" maxCrapScore="156" minCrapScore="1" visitedClasses="4" numClasses="7" visitedMethods="19" numMethods="41" />
  <Modules>
    <Module hash="23-7B-A6-AB-41-1B-42-33-1E-8C-01-43-1C-07-00-AB-5F-DB-AD-C5">
      <Summary numSequencePoints="86" visitedSequencePoints="86" numBranchPoints="10" visitedBranchPoints="10" sequenceCoverage="100" branchCoverage="100" maxCyclomaticComplexity="1" minCyclomaticComplexity="1" maxCrapScore="1" minCrapScore="1" visitedClasses="1" numClasses="1" visitedMethods="10" numMethods="10" />
      <ModulePath>C:\Users\Rasmus\Desktop\Main drive\Programming\VikingChess\VikingChess.BL Test\bin\Debug\VikingChess.BL Test.dll</ModulePath>
      <ModuleTime>2019-04-01T12:29:43.9117134Z</ModuleTime>
      <ModuleName>VikingChess.BL Test</ModuleName>
      <Files>
        <File uid="1" fullPath="C:\Users\Rasmus\Desktop\Main drive\Programming\VikingChess\VikingChess.BL Test\GameplayHandlerTest.cs" />
      </Files>
      <Classes>
        <Class>
          <Summary numSequencePoints="86" visitedSequencePoints="86" numBranchPoints="10" visitedBranchPoints="10" sequenceCoverage="100" branchCoverage="100" maxCyclomaticComplexity="1" minCyclomaticComplexity="1" maxCrapScore="1" minCrapScore="1" visitedClasses="1" numClasses="1" visitedMethods="10" numMethods="10" />
          <FullName>VikingChess.BL_Test.GameplayHandlerTest</FullName>
          <Methods>
            <Method skippedDueTo="AutoImplementedProperty" visited="false" cyclomaticComplexity="1" nPathComplexity="0" sequenceCoverage="0" branchCoverage="0" crapScore="0" isConstructor="false" isStatic="false" isGetter="true" isSetter="false">
              <MetadataToken>100663298</MetadataToken>
              <Name>VikingChessBL.PlayBoard VikingChess.BL_Test.GameplayHandlerTest::get_Board()</Name>
              <FileRef uid="1" />
              <SequencePoints />
              <BranchPoints />
            </Method>
            <Method skippedDueTo="AutoImplementedProperty" visited="false" cyclomaticComplexity="1" nPathComplexity="0" sequenceCoverage="0" branchCoverage="0" crapScore="0" isConstructor="false" isStatic="false" isGetter="false" isSetter="true">
              <MetadataToken>100663299</MetadataToken>
              <Name>System.Void VikingChess.BL_Test.GameplayHandlerTest::set_Board(VikingChessBL.PlayBoard)</Name>
              <FileRef uid="1" />
              <SequencePoints />
              <BranchPoints />
            </Method>
            <Method visited="true" cyclomaticComplexity="1" nPathComplexity="0" sequenceCoverage="100" branchCoverage="100" crapScore="1" isConstructor="true" isStatic="false" isGetter="false" isSetter="false">
              <Summary numSequencePoints="9" visitedSequencePoints="9" numBranchPoints="1" visitedBranchPoints="1" sequenceCoverage="100" branchCoverage="100" maxCyclomaticComplexity="1" minCyclomaticComplexity="1" maxCrapScore="1" minCrapScore="1" visitedClasses="0" numClasses="0" visitedMethods="1" numMethods="1" />
              <MetadataToken>100663297</MetadataToken>
              <Name>System.Void VikingChess.BL_Test.GameplayHandlerTest::.ctor()</Name>
              <FileRef uid="1" />
              <SequencePoints>
                <SequencePoint vc="9" uspid="1" ordinal="0" offset="0" sl="11" sc="9" el="11" ec="68" bec="0" bev="0" fileid="1" />
                <SequencePoint vc="9" uspid="2" ordinal="1" offset="11" sl="12" sc="9" el="12" ec="47" bec="0" bev="0" fileid="1" />
                <SequencePoint vc="9" uspid="3" ordinal="2" offset="22" sl="13" sc="9" el="13" ec="124" bec="0" bev="0" fileid="1" />
                <SequencePoint vc="9" uspid="4" ordinal="3" offset="49" sl="16" sc="9" el="16" ec="37" bec="0" bev="0" fileid="1" />
                <SequencePoint vc="9" uspid="5" ordinal="4" offset="56" sl="17" sc="9" el="17" ec="10" bec="0" bev="0" fileid="1" />
                <SequencePoint vc="9" uspid="6" ordinal="5" offset="57" sl="18" sc="13" el="18" ec="27" bec="0" bev="0" fileid="1" />
                <SequencePoint vc="9" uspid="7" ordinal="6" offset="70" sl="19" sc="13" el="19" ec="58" bec="0" bev="0" fileid="1" />
                <SequencePoint vc="9" uspid="8" ordinal="7" offset="87" sl="20" sc="13" el="20" ec="28" bec="0" bev="0" fileid="1" />
                <SequencePoint vc="9" uspid="9" ordinal="8" offset="100" sl="21" sc="9" el="21" ec="10" bec="0" bev="0" fileid="1" />
              </SequencePoints>
              <BranchPoints />
              <MethodPoint xsi:type="SequencePoint" vc="9" uspid="1" ordinal="0" offset="0" sl="11" sc="9" el="11" ec="68" bec="0" bev="0" fileid="1" />
            </Method>
            <Method visited="true" cyclomaticComplexity="1" nPathComplexity="0" sequenceCoverage="100" branchCoverage="100" crapScore="1" isConstructor="false" isStatic="false" isGetter="false" isSetter="false">
              <Summary numSequencePoints="10" visitedSequencePoints="10" numBranchPoints="1" visitedBranchPoints="1" sequenceCoverage="100" branchCoverage="100" maxCyclomaticComplexity="1" minCyclomaticComplexity="1" maxCrapScore="1" minCrapScore="1" visitedClasses="0" numClasses="0" visitedMethods="1" numMethods="1" />
              <MetadataToken>100663300</MetadataToken>
              <Name>System.Void VikingChess.BL_Test.GameplayHandlerTest::IsThereAPieceOnEachSideTest_TwoPieces()</Name>
              <FileRef uid="1" />
              <SequencePoints>
                <SequencePoint vc="1" uspid="10" ordinal="0" offset="0" sl="27" sc="9" el="27" ec="10" bec="0" bev="0" fileid="1">
                  <TrackedMethodRefs>
                    <TrackedMethodRef uid="1" vc="1" />
                  </TrackedMethodRefs>
                </SequencePoint>
                <SequencePoint vc="1" uspid="11" ordinal="1" offset="1" sl="29" sc="13" el="29" ec="43" bec="0" bev="0" fileid="1">
                  <TrackedMethodRefs>
                    <TrackedMethodRef uid="1" vc="1" />
                  </TrackedMethodRefs>
                </SequencePoint>
                <SequencePoint vc="1" uspid="12" ordinal="2" offset="13" sl="30" sc="13" el="30" ec="89" bec="0" bev="0" fileid="1">
                  <TrackedMethodRefs>
                    <TrackedMethodRef uid="1" vc="1" />
                  </TrackedMethodRefs>
                </SequencePoint>
                <SequencePoint vc="1" uspid="13" ordinal="3" offset="22" sl="31" sc="13" el="31" ec="36" bec="0" bev="0" fileid="1">
                  <TrackedMethodRefs>
                    <TrackedMethodRef uid="1" vc="1" />
                  </TrackedMethodRefs>
                </SequencePoint>
                <SequencePoint vc="1" uspid="14" ordinal="4" offset="30" sl="32" sc="13" el="32" ec="89" bec="0" bev="0" fileid="1">
                  <TrackedMethodRefs>
                    <TrackedMethodRef uid="1" vc="1" />
                  </TrackedMethodRefs>
                </SequencePoint>
                <SequencePoint vc="1" uspid="15" ordinal="5" offset="39" sl="33" sc="13" el="33" ec="36" bec="0" bev="0" fileid="1">
                  <TrackedMethodRefs>
                    <TrackedMethodRef uid="1" vc="1" />
                  </TrackedMethodRefs>
                </SequencePoint>
                <SequencePoint vc="1" uspid="16" ordinal="6" offset="47" sl="36" sc="13" el="36" ec="105" bec="0" bev="0" fileid="1">
                  <TrackedMethodRefs>
                    <TrackedMethodRef uid="1" vc="1" />
                  </TrackedMethodRefs>
                </SequencePoint>
                <SequencePoint vc="1" uspid="17" ordinal="7" offset="62" sl="37" sc="13" el="37" ec="33" bec="0" bev="0" fileid="1">
                  <TrackedMethodRefs>
                    <TrackedMethodRef uid="1" vc="1" />
                  </TrackedMethodRefs>
                </SequencePoint>
                <SequencePoint vc="1" uspid="18" ordinal="8" offset="65" sl="40" sc="13" el="40" ec="47" bec="0" bev="0" fileid="1">
                  <TrackedMethodRefs>
                    <TrackedMethodRef uid="1" vc="1" />
                  </TrackedMethodRefs>
                </SequencePoint>
                <SequencePoint vc="1" uspid="19" ordinal="9" offset="74" sl="41" sc="9" el="41" ec="10" bec="0" bev="0" fileid="1">
                  <TrackedMethodRefs>
                    <TrackedMethodRef uid="1" vc="1" />
                  </TrackedMethodRefs>
                </SequencePoint>
              </SequencePoints>
              <BranchPoints />
              <MethodPoint xsi:type="SequencePoint" vc="1" uspid="10" ordinal="0" offset="0" sl="27" sc="9" el="27" ec="10" bec="0" bev="0" fileid="1">
                <TrackedMethodRefs>
                  <TrackedMethodRef uid="1" vc="1" />
                </TrackedMethodRefs>
              </MethodPoint>
            </Method>
            <Method visited="true" cyclomaticComplexity="1" nPathComplexity="0" sequenceCoverage="100" branchCoverage="100" crapScore="1" isConstructor="false" isStatic="false" isGetter="false" isSetter="false">
              <Summary numSequencePoints="9" visitedSequencePoints="9" numBranchPoints="1" visitedBranchPoints="1" sequenceCoverage="100" branchCoverage="100" maxCyclomaticComplexity="1" minCyclomaticComplexity="1" maxCrapScore="1" minCrapScore="1" visitedClasses="0" numClasses="0" visitedMethods="1" numMethods="1" />
              <MetadataToken>100663301</MetadataToken>
              <Name>System.Void VikingChess.BL_Test.GameplayHandlerTest::IsThereAPieceOnEachSideTest_OnePiece()</Name>
              <FileRef uid="1" />
              <SequencePoints>
                <SequencePoint vc="1" uspid="20" ordinal="0" offset="0" sl="45" sc="9" el="45" ec="10" bec="0" bev="0" fileid="1">
                  <TrackedMethodRefs>
                    <TrackedMethodRef uid="2" vc="1" />
                  </TrackedMethodRefs>
                </SequencePoint>
                <SequencePoint vc="1" uspid="21" ordinal="1" offset="1" sl="47" sc="13" el="47" ec="43" bec="0" bev="0" fileid="1">
                  <TrackedMethodRefs>
                    <TrackedMethodRef uid="2" vc="1" />
                  </TrackedMethodRefs>
                </SequencePoint>
                <SequencePoint vc="1" uspid="22" ordinal="2" offset="13" sl="48" sc="13" el="48" ec="91" bec="0" bev="0" fileid="1">
                  <TrackedMethodRefs>
                    <TrackedMethodRef uid="2" vc="1" />
                  </TrackedMethodRefs>
                </SequencePoint>
                <SequencePoint vc="1" uspid="23" ordinal="3" offset="22" sl="49" sc="13" el="49" ec="36" bec="0" bev="0" fileid="1">
                  <TrackedMethodRefs>
                    <TrackedMethodRef uid="2" vc="1" />
                  </TrackedMethodRefs>
                </SequencePoint>
                <SequencePoint vc="1" uspid="24" ordinal="4" offset="30" sl="50" sc="13" el="50" ec="33" bec="0" bev="0" fileid="1">
                  <TrackedMethodRefs>
                    <TrackedMethodRef uid="2" vc="1" />
                  </TrackedMethodRefs>
                </SequencePoint>
                <SequencePoint vc="1" uspid="25" ordinal="5" offset="32" sl="53" sc="13" el="53" ec="105" bec="0" bev="0" fileid="1">
                  <TrackedMethodRefs>
                    <TrackedMethodRef uid="2" vc="1" />
                  </TrackedMethodRefs>
                </SequencePoint>
                <SequencePoint vc="1" uspid="26" ordinal="6" offset="47" sl="54" sc="13" el="54" ec="34" bec="0" bev="0" fileid="1">
                  <TrackedMethodRefs>
                    <TrackedMethodRef uid="2" vc="1" />
                  </TrackedMethodRefs>
                </SequencePoint>
                <SequencePoint vc="1" uspid="27" ordinal="7" offset="50" sl="57" sc="13" el="57" ec="47" bec="0" bev="0" fileid="1">
                  <TrackedMethodRefs>
                    <TrackedMethodRef uid="2" vc="1" />
                  </TrackedMethodRefs>
                </SequencePoint>
                <SequencePoint vc="1" uspid="28" ordinal="8" offset="59" sl="58" sc="9" el="58" ec="10" bec="0" bev="0" fileid="1">
                  <TrackedMethodRefs>
                    <TrackedMethodRef uid="2" vc="1" />
                  </TrackedMethodRefs>
                </SequencePoint>
              </SequencePoints>
              <BranchPoints />
              <MethodPoint xsi:type="SequencePoint" vc="1" uspid="20" ordinal="0" offset="0" sl="45" sc="9" el="45" ec="10" bec="0" bev="0" fileid="1">
                <TrackedMethodRefs>
                  <TrackedMethodRef uid="2" vc="1" />
                </TrackedMethodRefs>
              </MethodPoint>
            </Method>
            <Method visited="true" cyclomaticComplexity="1" nPathComplexity="0" sequenceCoverage="100" branchCoverage="100" crapScore="1" isConstructor="false" isStatic="false" isGetter="false" isSetter="false">
              <Summary numSequencePoints="10" visitedSequencePoints="10" numBranchPoints="1" visitedBranchPoints="1" sequenceCoverage="100" branchCoverage="100" maxCyclomaticComplexity="1" minCyclomaticComplexity="1" maxCrapScore="1" minCrapScore="1" visitedClasses="0" numClasses="0" visitedMethods="1" numMethods="1" />
              <MetadataToken>100663302</MetadataToken>
              <Name>System.Void VikingChess.BL_Test.GameplayHandlerTest::IsThereAPieceOnEachSideTest_WrongTurn()</Name>
              <FileRef uid="1" />
              <SequencePoints>
                <SequencePoint vc="1" uspid="29" ordinal="0" offset="0" sl="62" sc="9" el="62" ec="10" bec="0" bev="0" fileid="1">
                  <TrackedMethodRefs>
                    <TrackedMethodRef uid="3" vc="1" />
                  </TrackedMethodRefs>
                </SequencePoint>
                <SequencePoint vc="1" uspid="30" ordinal="1" offset="1" sl="64" sc="13" el="64" ec="43" bec="0" bev="0" fileid="1">
                  <TrackedMethodRefs>
                    <TrackedMethodRef uid="3" vc="1" />
                  </TrackedMethodRefs>
                </SequencePoint>
                <SequencePoint vc="1" uspid="31" ordinal="2" offset="13" sl="65" sc="13" el="65" ec="89" bec="0" bev="0" fileid="1">
                  <TrackedMethodRefs>
                    <TrackedMethodRef uid="3" vc="1" />
                  </TrackedMethodRefs>
                </SequencePoint>
                <SequencePoint vc="1" uspid="32" ordinal="3" offset="22" sl="66" sc="13" el="66" ec="36" bec="0" bev="0" fileid="1">
                  <TrackedMethodRefs>
                    <TrackedMethodRef uid="3" vc="1" />
                  </TrackedMethodRefs>
                </SequencePoint>
                <SequencePoint vc="1" uspid="33" ordinal="4" offset="30" sl="67" sc="13" el="67" ec="89" bec="0" bev="0" fileid="1">
                  <TrackedMethodRefs>
                    <TrackedMethodRef uid="3" vc="1" />
                  </TrackedMethodRefs>
                </SequencePoint>
                <SequencePoint vc="1" uspid="34" ordinal="5" offset="39" sl="68" sc="13" el="68" ec="36" bec="0" bev="0" fileid="1">
                  <TrackedMethodRefs>
                    <TrackedMethodRef uid="3" vc="1" />
                  </TrackedMethodRefs>
                </SequencePoint>
                <SequencePoint vc="1" uspid="35" ordinal="6" offset="47" sl="71" sc="13" el="71" ec="105" bec="0" bev="0" fileid="1">
                  <TrackedMethodRefs>
                    <TrackedMethodRef uid="3" vc="1" />
                  </TrackedMethodRefs>
                </SequencePoint>
                <SequencePoint vc="1" uspid="36" ordinal="7" offset="62" sl="72" sc="13" el="72" ec="34" bec="0" bev="0" fileid="1">
                  <TrackedMethodRefs>
                    <TrackedMethodRef uid="3" vc="1" />
                  </TrackedMethodRefs>
                </SequencePoint>
                <SequencePoint vc="1" uspid="37" ordinal="8" offset="65" sl="75" sc="13" el="75" ec="47" bec="0" bev="0" fileid="1">
                  <TrackedMethodRefs>
                    <TrackedMethodRef uid="3" vc="1" />
                  </TrackedMethodRefs>
                </SequencePoint>
                <SequencePoint vc="1" uspid="38" ordinal="9" offset="74" sl="76" sc="9" el="76" ec="10" bec="0" bev="0" fileid="1">
                  <TrackedMethodRefs>
                    <TrackedMethodRef uid="3" vc="1" />
                  </TrackedMethodRefs>
                </SequencePoint>
              </SequencePoints>
              <BranchPoints />
              <MethodPoint xsi:type="SequencePoint" vc="1" uspid="29" ordinal="0" offset="0" sl="62" sc="9" el="62" ec="10" bec="0" bev="0" fileid="1">
                <TrackedMethodRefs>
                  <TrackedMethodRef uid="3" vc="1" />
                </TrackedMethodRefs>
              </MethodPoint>
            </Method>
            <Method visited="true" cyclomaticComplexity="1" nPathComplexity="0" sequenceCoverage="100" branchCoverage="100" crapScore="1" isConstructor="false" isStatic="false" isGetter="false" isSetter="false">
              <Summary numSequencePoints="10" visitedSequencePoints="10" numBranchPoints="1" visitedBranchPoints="1" sequenceCoverage="100" branchCoverage="100" maxCyclomaticComplexity="1" minCyclomaticComplexity="1" maxCrapScore="1" minCrapScore="1" visitedClasses="0" numClasses="0" visitedMethods="1" numMethods="1" />
              <MetadataToken>100663303</MetadataToken>
              <Name>System.Void VikingChess.BL_Test.GameplayHandlerTest::IsThereAPieceOnEachSideTest_WrongTeam()</Name>
              <FileRef uid="1" />
              <SequencePoints>
                <SequencePoint vc="1" uspid="39" ordinal="0" offset="0" sl="80" sc="9" el="80" ec="10" bec="0" bev="0" fileid="1">
                  <TrackedMethodRefs>
                    <TrackedMethodRef uid="4" vc="1" />
                  </TrackedMethodRefs>
                </SequencePoint>
                <SequencePoint vc="1" uspid="40" ordinal="1" offset="1" sl="82" sc="13" el="82" ec="43" bec="0" bev="0" fileid="1">
                  <TrackedMethodRefs>
                    <TrackedMethodRef uid="4" vc="1" />
                  </TrackedMethodRefs>
                </SequencePoint>
                <SequencePoint vc="1" uspid="41" ordinal="2" offset="13" sl="83" sc="13" el="83" ec="89" bec="0" bev="0" fileid="1">
                  <TrackedMethodRefs>
                    <TrackedMethodRef uid="4" vc="1" />
                  </TrackedMethodRefs>
                </SequencePoint>
                <SequencePoint vc="1" uspid="42" ordinal="3" offset="22" sl="84" sc="13" el="84" ec="36" bec="0" bev="0" fileid="1">
                  <TrackedMethodRefs>
                    <TrackedMethodRef uid="4" vc="1" />
                  </TrackedMethodRefs>
                </SequencePoint>
                <SequencePoint vc="1" uspid="43" ordinal="4" offset="30" sl="85" sc="13" el="85" ec="89" bec="0" bev="0" fileid="1">
                  <TrackedMethodRefs>
                    <TrackedMethodRef uid="4" vc="1" />
                  </TrackedMethodRefs>
                </SequencePoint>
                <SequencePoint vc="1" uspid="44" ordinal="5" offset="39" sl="86" sc="13" el="86" ec="36" bec="0" bev="0" fileid="1">
                  <TrackedMethodRefs>
                    <TrackedMethodRef uid="4" vc="1" />
                  </TrackedMethodRefs>
                </SequencePoint>
                <SequencePoint vc="1" uspid="45" ordinal="6" offset="47" sl="89" sc="13" el="89" ec="105" bec="0" bev="0" fileid="1">
                  <TrackedMethodRefs>
                    <TrackedMethodRef uid="4" vc="1" />
                  </TrackedMethodRefs>
                </SequencePoint>
                <SequencePoint vc="1" uspid="46" ordinal="7" offset="62" sl="90" sc="13" el="90" ec="34" bec="0" bev="0" fileid="1">
                  <TrackedMethodRefs>
                    <TrackedMethodRef uid="4" vc="1" />
                  </TrackedMethodRefs>
                </SequencePoint>
                <SequencePoint vc="1" uspid="47" ordinal="8" offset="65" sl="93" sc="13" el="93" ec="47" bec="0" bev="0" fileid="1">
                  <TrackedMethodRefs>
                    <TrackedMethodRef uid="4" vc="1" />
                  </TrackedMethodRefs>
                </SequencePoint>
                <SequencePoint vc="1" uspid="48" ordinal="9" offset="74" sl="94" sc="9" el="94" ec="10" bec="0" bev="0" fileid="1">
                  <TrackedMethodRefs>
                    <TrackedMethodRef uid="4" vc="1" />
                  </TrackedMethodRefs>
                </SequencePoint>
              </SequencePoints>
              <BranchPoints />
              <MethodPoint xsi:type="SequencePoint" vc="1" uspid="39" ordinal="0" offset="0" sl="80" sc="9" el="80" ec="10" bec="0" bev="0" fileid="1">
                <TrackedMethodRefs>
                  <TrackedMethodRef uid="4" vc="1" />
                </TrackedMethodRefs>
              </MethodPoint>
            </Method>
            <Method visited="true" cyclomaticComplexity="1" nPathComplexity="0" sequenceCoverage="100" branchCoverage="100" crapScore="1" isConstructor="false" isStatic="false" isGetter="false" isSetter="false">
              <Summary numSequencePoints="10" visitedSequencePoints="10" numBranchPoints="1" visitedBranchPoints="1" sequenceCoverage="100" branchCoverage="100" maxCyclomaticComplexity="1" minCyclomaticComplexity="1" maxCrapScore="1" minCrapScore="1" visitedClasses="0" numClasses="0" visitedMethods="1" numMethods="1" />
              <MetadataToken>100663304</MetadataToken>
              <Name>System.Void VikingChess.BL_Test.GameplayHandlerTest::IsThereAPieceOnEachSideWithoutTurnCheckTest_WrongTurn()</Name>
              <FileRef uid="1" />
              <SequencePoints>
                <SequencePoint vc="1" uspid="49" ordinal="0" offset="0" sl="98" sc="9" el="98" ec="10" bec="0" bev="0" fileid="1">
                  <TrackedMethodRefs>
                    <TrackedMethodRef uid="5" vc="1" />
                  </TrackedMethodRefs>
                </SequencePoint>
                <SequencePoint vc="1" uspid="50" ordinal="1" offset="1" sl="100" sc="13" el="100" ec="43" bec="0" bev="0" fileid="1">
                  <TrackedMethodRefs>
                    <TrackedMethodRef uid="5" vc="1" />
                  </TrackedMethodRefs>
                </SequencePoint>
                <SequencePoint vc="1" uspid="51" ordinal="2" offset="13" sl="101" sc="13" el="101" ec="89" bec="0" bev="0" fileid="1">
                  <TrackedMethodRefs>
                    <TrackedMethodRef uid="5" vc="1" />
                  </TrackedMethodRefs>
                </SequencePoint>
                <SequencePoint vc="1" uspid="52" ordinal="3" offset="22" sl="102" sc="13" el="102" ec="36" bec="0" bev="0" fileid="1">
                  <TrackedMethodRefs>
                    <TrackedMethodRef uid="5" vc="1" />
                  </TrackedMethodRefs>
                </SequencePoint>
                <SequencePoint vc="1" uspid="53" ordinal="4" offset="30" sl="103" sc="13" el="103" ec="89" bec="0" bev="0" fileid="1">
                  <TrackedMethodRefs>
                    <TrackedMethodRef uid="5" vc="1" />
                  </TrackedMethodRefs>
                </SequencePoint>
                <SequencePoint vc="1" uspid="54" ordinal="5" offset="39" sl="104" sc="13" el="104" ec="36" bec="0" bev="0" fileid="1">
                  <TrackedMethodRefs>
                    <TrackedMethodRef uid="5" vc="1" />
                  </TrackedMethodRefs>
                </SequencePoint>
                <SequencePoint vc="1" uspid="55" ordinal="6" offset="47" sl="107" sc="13" el="107" ec="121" bec="0" bev="0" fileid="1">
                  <TrackedMethodRefs>
                    <TrackedMethodRef uid="5" vc="1" />
                  </TrackedMethodRefs>
                </SequencePoint>
                <SequencePoint vc="1" uspid="56" ordinal="7" offset="62" sl="108" sc="13" el="108" ec="33" bec="0" bev="0" fileid="1">
                  <TrackedMethodRefs>
                    <TrackedMethodRef uid="5" vc="1" />
                  </TrackedMethodRefs>
                </SequencePoint>
                <SequencePoint vc="1" uspid="57" ordinal="8" offset="65" sl="111" sc="13" el="111" ec="47" bec="0" bev="0" fileid="1">
                  <TrackedMethodRefs>
                    <TrackedMethodRef uid="5" vc="1" />
                  </TrackedMethodRefs>
                </SequencePoint>
                <SequencePoint vc="1" uspid="58" ordinal="9" offset="74" sl="112" sc="9" el="112" ec="10" bec="0" bev="0" fileid="1">
                  <TrackedMethodRefs>
                    <TrackedMethodRef uid="5" vc="1" />
                  </TrackedMethodRefs>
                </SequencePoint>
              </SequencePoints>
              <BranchPoints />
              <MethodPoint xsi:type="SequencePoint" vc="1" uspid="49" ordinal="0" offset="0" sl="98" sc="9" el="98" ec="10" bec="0" bev="0" fileid="1">
                <TrackedMethodRefs>
                  <TrackedMethodRef uid="5" vc="1" />
                </TrackedMethodRefs>
              </MethodPoint>
            </Method>
            <Method visited="true" cyclomaticComplexity="1" nPathComplexity="0" sequenceCoverage="100" branchCoverage="100" crapScore="1" isConstructor="false" isStatic="false" isGetter="false" isSetter="false">
              <Summary numSequencePoints="10" visitedSequencePoints="10" numBranchPoints="1" visitedBranchPoints="1" sequenceCoverage="100" branchCoverage="100" maxCyclomaticComplexity="1" minCyclomaticComplexity="1" maxCrapScore="1" minCrapScore="1" visitedClasses="0" numClasses="0" visitedMethods="1" numMethods="1" />
              <MetadataToken>100663305</MetadataToken>
              <Name>System.Void VikingChess.BL_Test.GameplayHandlerTest::IsThereAPieceOnEachSideWithoutTurnCheckTest_WrongTeam()</Name>
              <FileRef uid="1" />
              <SequencePoints>
                <SequencePoint vc="1" uspid="59" ordinal="0" offset="0" sl="116" sc="9" el="116" ec="10" bec="0" bev="0" fileid="1">
                  <TrackedMethodRefs>
                    <TrackedMethodRef uid="6" vc="1" />
                  </TrackedMethodRefs>
                </SequencePoint>
                <SequencePoint vc="1" uspid="60" ordinal="1" offset="1" sl="118" sc="13" el="118" ec="43" bec="0" bev="0" fileid="1">
                  <TrackedMethodRefs>
                    <TrackedMethodRef uid="6" vc="1" />
                  </TrackedMethodRefs>
                </SequencePoint>
                <SequencePoint vc="1" uspid="61" ordinal="2" offset="13" sl="119" sc="13" el="119" ec="89" bec="0" bev="0" fileid="1">
                  <TrackedMethodRefs>
                    <TrackedMethodRef uid="6" vc="1" />
                  </TrackedMethodRefs>
                </SequencePoint>
                <SequencePoint vc="1" uspid="62" ordinal="3" offset="22" sl="120" sc="13" el="120" ec="36" bec="0" bev="0" fileid="1">
                  <TrackedMethodRefs>
                    <TrackedMethodRef uid="6" vc="1" />
                  </TrackedMethodRefs>
                </SequencePoint>
                <SequencePoint vc="1" uspid="63" ordinal="4" offset="30" sl="121" sc="13" el="121" ec="89" bec="0" bev="0" fileid="1">
                  <TrackedMethodRefs>
                    <TrackedMethodRef uid="6" vc="1" />
                  </TrackedMethodRefs>
                </SequencePoint>
                <SequencePoint vc="1" uspid="64" ordinal="5" offset="39" sl="122" sc="13" el="122" ec="36" bec="0" bev="0" fileid="1">
                  <TrackedMethodRefs>
                    <TrackedMethodRef uid="6" vc="1" />
                  </TrackedMethodRefs>
                </SequencePoint>
                <SequencePoint vc="1" uspid="65" ordinal="6" offset="47" sl="125" sc="13" el="125" ec="121" bec="0" bev="0" fileid="1">
                  <TrackedMethodRefs>
                    <TrackedMethodRef uid="6" vc="1" />
                  </TrackedMethodRefs>
                </SequencePoint>
                <SequencePoint vc="1" uspid="66" ordinal="7" offset="62" sl="126" sc="13" el="126" ec="34" bec="0" bev="0" fileid="1">
                  <TrackedMethodRefs>
                    <TrackedMethodRef uid="6" vc="1" />
                  </TrackedMethodRefs>
                </SequencePoint>
                <SequencePoint vc="1" uspid="67" ordinal="8" offset="65" sl="129" sc="13" el="129" ec="47" bec="0" bev="0" fileid="1">
                  <TrackedMethodRefs>
                    <TrackedMethodRef uid="6" vc="1" />
                  </TrackedMethodRefs>
                </SequencePoint>
                <SequencePoint vc="1" uspid="68" ordinal="9" offset="74" sl="130" sc="9" el="130" ec="10" bec="0" bev="0" fileid="1">
                  <TrackedMethodRefs>
                    <TrackedMethodRef uid="6" vc="1" />
                  </TrackedMethodRefs>
                </SequencePoint>
              </SequencePoints>
              <BranchPoints />
              <MethodPoint xsi:type="SequencePoint" vc="1" uspid="59" ordinal="0" offset="0" sl="116" sc="9" el="116" ec="10" bec="0" bev="0" fileid="1">
                <TrackedMethodRefs>
                  <TrackedMethodRef uid="6" vc="1" />
                </TrackedMethodRefs>
              </MethodPoint>
            </Method>
            <Method visited="true" cyclomaticComplexity="1" nPathComplexity="0" sequenceCoverage="100" branchCoverage="100" crapScore="1" isConstructor="false" isStatic="false" isGetter="false" isSetter="false">
              <Summary numSequencePoints="5" visitedSequencePoints="5" numBranchPoints="1" visitedBranchPoints="1" sequenceCoverage="100" branchCoverage="100" maxCyclomaticComplexity="1" minCyclomaticComplexity="1" maxCrapScore="1" minCrapScore="1" visitedClasses="0" numClasses="0" visitedMethods="1" numMethods="1" />
              <MetadataToken>100663306</MetadataToken>
              <Name>System.Void VikingChess.BL_Test.GameplayHandlerTest::WinConditionCheckTest_NoWin()</Name>
              <FileRef uid="1" />
              <SequencePoints>
                <SequencePoint vc="1" uspid="69" ordinal="0" offset="0" sl="134" sc="9" el="134" ec="10" bec="0" bev="0" fileid="1">
                  <TrackedMethodRefs>
                    <TrackedMethodRef uid="7" vc="1" />
                  </TrackedMethodRefs>
                </SequencePoint>
                <SequencePoint vc="1" uspid="70" ordinal="1" offset="1" sl="136" sc="13" el="136" ec="60" bec="0" bev="0" fileid="1">
                  <TrackedMethodRefs>
                    <TrackedMethodRef uid="7" vc="1" />
                  </TrackedMethodRefs>
                </SequencePoint>
                <SequencePoint vc="1" uspid="71" ordinal="2" offset="14" sl="139" sc="13" el="139" ec="49" bec="0" bev="0" fileid="1">
                  <TrackedMethodRefs>
                    <TrackedMethodRef uid="7" vc="1" />
                  </TrackedMethodRefs>
                </SequencePoint>
                <SequencePoint vc="1" uspid="72" ordinal="3" offset="26" sl="142" sc="13" el="142" ec="76" bec="0" bev="0" fileid="1">
                  <TrackedMethodRefs>
                    <TrackedMethodRef uid="7" vc="1" />
                  </TrackedMethodRefs>
                </SequencePoint>
                <SequencePoint vc="1" uspid="73" ordinal="4" offset="44" sl="143" sc="9" el="143" ec="10" bec="0" bev="0" fileid="1">
                  <TrackedMethodRefs>
                    <TrackedMethodRef uid="7" vc="1" />
                  </TrackedMethodRefs>
                </SequencePoint>
              </SequencePoints>
              <BranchPoints />
              <MethodPoint xsi:type="SequencePoint" vc="1" uspid="69" ordinal="0" offset="0" sl="134" sc="9" el="134" ec="10" bec="0" bev="0" fileid="1">
                <TrackedMethodRefs>
                  <TrackedMethodRef uid="7" vc="1" />
                </TrackedMethodRefs>
              </MethodPoint>
            </Method>
            <Method visited="true" cyclomaticComplexity="1" nPathComplexity="0" sequenceCoverage="100" branchCoverage="100" crapScore="1" isConstructor="false" isStatic="false" isGetter="false" isSetter="false">
              <Summary numSequencePoints="7" visitedSequencePoints="7" numBranchPoints="1" visitedBranchPoints="1" sequenceCoverage="100" branchCoverage="100" maxCyclomaticComplexity="1" minCyclomaticComplexity="1" maxCrapScore="1" minCrapScore="1" visitedClasses="0" numClasses="0" visitedMethods="1" numMethods="1" />
              <MetadataToken>100663307</MetadataToken>
              <Name>System.Void VikingChess.BL_Test.GameplayHandlerTest::WinConditionCheckTest_AttackersWin()</Name>
              <FileRef uid="1" />
              <SequencePoints>
                <SequencePoint vc="1" uspid="74" ordinal="0" offset="0" sl="147" sc="9" el="147" ec="10" bec="0" bev="0" fileid="1">
                  <TrackedMethodRefs>
                    <TrackedMethodRef uid="8" vc="1" />
                  </TrackedMethodRefs>
                </SequencePoint>
                <SequencePoint vc="1" uspid="75" ordinal="1" offset="1" sl="149" sc="13" el="149" ec="60" bec="0" bev="0" fileid="1">
                  <TrackedMethodRefs>
                    <TrackedMethodRef uid="8" vc="1" />
                  </TrackedMethodRefs>
                </SequencePoint>
                <SequencePoint vc="1" uspid="76" ordinal="2" offset="14" sl="150" sc="13" el="150" ec="48" bec="0" bev="0" fileid="1">
                  <TrackedMethodRefs>
                    <TrackedMethodRef uid="8" vc="1" />
                  </TrackedMethodRefs>
                </SequencePoint>
                <SequencePoint vc="1" uspid="77" ordinal="3" offset="27" sl="151" sc="13" el="151" ec="38" bec="0" bev="0" fileid="1">
                  <TrackedMethodRefs>
                    <TrackedMethodRef uid="8" vc="1" />
                  </TrackedMethodRefs>
                </SequencePoint>
                <SequencePoint vc="1" uspid="78" ordinal="4" offset="46" sl="154" sc="13" el="154" ec="49" bec="0" bev="0" fileid="1">
                  <TrackedMethodRefs>
                    <TrackedMethodRef uid="8" vc="1" />
                  </TrackedMethodRefs>
                </SequencePoint>
                <SequencePoint vc="1" uspid="79" ordinal="5" offset="58" sl="157" sc="13" el="157" ec="75" bec="0" bev="0" fileid="1">
                  <TrackedMethodRefs>
                    <TrackedMethodRef uid="8" vc="1" />
                  </TrackedMethodRefs>
                </SequencePoint>
                <SequencePoint vc="1" uspid="80" ordinal="6" offset="76" sl="158" sc="9" el="158" ec="10" bec="0" bev="0" fileid="1">
                  <TrackedMethodRefs>
                    <TrackedMethodRef uid="8" vc="1" />
                  </TrackedMethodRefs>
                </SequencePoint>
              </SequencePoints>
              <BranchPoints />
              <MethodPoint xsi:type="SequencePoint" vc="1" uspid="74" ordinal="0" offset="0" sl="147" sc="9" el="147" ec="10" bec="0" bev="0" fileid="1">
                <TrackedMethodRefs>
                  <TrackedMethodRef uid="8" vc="1" />
                </TrackedMethodRefs>
              </MethodPoint>
            </Method>
            <Method visited="true" cyclomaticComplexity="1" nPathComplexity="0" sequenceCoverage="100" branchCoverage="100" crapScore="1" isConstructor="false" isStatic="false" isGetter="false" isSetter="false">
              <Summary numSequencePoints="6" visitedSequencePoints="6" numBranchPoints="1" visitedBranchPoints="1" sequenceCoverage="100" branchCoverage="100" maxCyclomaticComplexity="1" minCyclomaticComplexity="1" maxCrapScore="1" minCrapScore="1" visitedClasses="0" numClasses="0" visitedMethods="1" numMethods="1" />
              <MetadataToken>100663308</MetadataToken>
              <Name>System.Void VikingChess.BL_Test.GameplayHandlerTest::WinConditionCheckTest_DefendersWin()</Name>
              <FileRef uid="1" />
              <SequencePoints>
                <SequencePoint vc="1" uspid="81" ordinal="0" offset="0" sl="162" sc="9" el="162" ec="10" bec="0" bev="0" fileid="1">
                  <TrackedMethodRefs>
                    <TrackedMethodRef uid="9" vc="1" />
                  </TrackedMethodRefs>
                </SequencePoint>
                <SequencePoint vc="1" uspid="82" ordinal="1" offset="1" sl="164" sc="13" el="164" ec="60" bec="0" bev="0" fileid="1">
                  <TrackedMethodRefs>
                    <TrackedMethodRef uid="9" vc="1" />
                  </TrackedMethodRefs>
                </SequencePoint>
                <SequencePoint vc="1" uspid="83" ordinal="2" offset="14" sl="165" sc="13" el="165" ec="48" bec="0" bev="0" fileid="1">
                  <TrackedMethodRefs>
                    <TrackedMethodRef uid="9" vc="1" />
                  </TrackedMethodRefs>
                </SequencePoint>
                <SequencePoint vc="1" uspid="84" ordinal="3" offset="27" sl="168" sc="13" el="168" ec="49" bec="0" bev="0" fileid="1">
                  <TrackedMethodRefs>
                    <TrackedMethodRef uid="9" vc="1" />
                  </TrackedMethodRefs>
                </SequencePoint>
                <SequencePoint vc="1" uspid="85" ordinal="4" offset="39" sl="171" sc="13" el="171" ec="75" bec="0" bev="0" fileid="1">
                  <TrackedMethodRefs>
                    <TrackedMethodRef uid="9" vc="1" />
                  </TrackedMethodRefs>
                </SequencePoint>
                <SequencePoint vc="1" uspid="86" ordinal="5" offset="57" sl="172" sc="9" el="172" ec="10" bec="0" bev="0" fileid="1">
                  <TrackedMethodRefs>
                    <TrackedMethodRef uid="9" vc="1" />
                  </TrackedMethodRefs>
                </SequencePoint>
              </SequencePoints>
              <BranchPoints />
              <MethodPoint xsi:type="SequencePoint" vc="1" uspid="81" ordinal="0" offset="0" sl="162" sc="9" el="162" ec="10" bec="0" bev="0" fileid="1">
                <TrackedMethodRefs>
                  <TrackedMethodRef uid="9" vc="1" />
                </TrackedMethodRefs>
              </MethodPoint>
            </Method>
          </Methods>
        </Class>
      </Classes>
      <TrackedMethods>
        <TrackedMethod uid="1" token="100663300" name="System.Void VikingChess.BL_Test.GameplayHandlerTest::IsThereAPieceOnEachSideTest_TwoPieces()" strategy="MSTestTest" />
        <TrackedMethod uid="2" token="100663301" name="System.Void VikingChess.BL_Test.GameplayHandlerTest::IsThereAPieceOnEachSideTest_OnePiece()" strategy="MSTestTest" />
        <TrackedMethod uid="3" token="100663302" name="System.Void VikingChess.BL_Test.GameplayHandlerTest::IsThereAPieceOnEachSideTest_WrongTurn()" strategy="MSTestTest" />
        <TrackedMethod uid="4" token="100663303" name="System.Void VikingChess.BL_Test.GameplayHandlerTest::IsThereAPieceOnEachSideTest_WrongTeam()" strategy="MSTestTest" />
        <TrackedMethod uid="5" token="100663304" name="System.Void VikingChess.BL_Test.GameplayHandlerTest::IsThereAPieceOnEachSideWithoutTurnCheckTest_WrongTurn()" strategy="MSTestTest" />
        <TrackedMethod uid="6" token="100663305" name="System.Void VikingChess.BL_Test.GameplayHandlerTest::IsThereAPieceOnEachSideWithoutTurnCheckTest_WrongTeam()" strategy="MSTestTest" />
        <TrackedMethod uid="7" token="100663306" name="System.Void VikingChess.BL_Test.GameplayHandlerTest::WinConditionCheckTest_NoWin()" strategy="MSTestTest" />
        <TrackedMethod uid="8" token="100663307" name="System.Void VikingChess.BL_Test.GameplayHandlerTest::WinConditionCheckTest_AttackersWin()" strategy="MSTestTest" />
        <TrackedMethod uid="9" token="100663308" name="System.Void VikingChess.BL_Test.GameplayHandlerTest::WinConditionCheckTest_DefendersWin()" strategy="MSTestTest" />
      </TrackedMethods>
    </Module>
    <Module hash="EE-62-D9-B4-36-89-A0-5B-D9-A6-5A-00-AC-14-17-54-65-7B-C1-37">
      <Summary numSequencePoints="473" visitedSequencePoints="172" numBranchPoints="167" visitedBranchPoints="41" sequenceCoverage="36.36" branchCoverage="24.55" maxCyclomaticComplexity="13" minCyclomaticComplexity="1" maxCrapScore="156" minCrapScore="1" visitedClasses="3" numClasses="6" visitedMethods="9" numMethods="31" />
      <ModulePath>C:\Users\Rasmus\Desktop\Main drive\Programming\VikingChess\VikingChess.BL Test\bin\Debug\ClassLibrary.dll</ModulePath>
      <ModuleTime>2019-04-01T12:29:42.8273811Z</ModuleTime>
      <ModuleName>ClassLibrary</ModuleName>
      <Files>
        <File uid="3" fullPath="C:\Users\Rasmus\Desktop\Main drive\Programming\VikingChess\VikingChess.BL\CollisionHandler.cs" />
        <File uid="4" fullPath="C:\Users\Rasmus\Desktop\Main drive\Programming\VikingChess\VikingChess.BL\GameplayHandler.cs" />
        <File uid="5" fullPath="C:\Users\Rasmus\Desktop\Main drive\Programming\VikingChess\VikingChess.BL\LegalMove.cs" />
        <File uid="6" fullPath="C:\Users\Rasmus\Desktop\Main drive\Programming\VikingChess\VikingChess.BL\PlayBoard.cs" />
        <File uid="7" fullPath="C:\Users\Rasmus\Desktop\Main drive\Programming\VikingChess\VikingChess.BL\GameSetup.cs" />
        <File uid="8" fullPath="C:\Users\Rasmus\Desktop\Main drive\Programming\VikingChess\VikingChess.BL\Piece.cs" />
      </Files>
      <Classes>
        <Class>
          <Summary numSequencePoints="7" visitedSequencePoints="0" numBranchPoints="3" visitedBranchPoints="0" sequenceCoverage="0" branchCoverage="0" maxCyclomaticComplexity="5" minCyclomaticComplexity="1" maxCrapScore="30" minCrapScore="2" visitedClasses="0" numClasses="1" visitedMethods="0" numMethods="1" />
          <FullName>VikingChessBL.CollisionHandler</FullName>
          <Methods>
            <Method visited="false" cyclomaticComplexity="5" nPathComplexity="2" sequenceCoverage="0" branchCoverage="0" crapScore="30" isConstructor="false" isStatic="false" isGetter="false" isSetter="false">
              <Summary numSequencePoints="7" visitedSequencePoints="0" numBranchPoints="3" visitedBranchPoints="0" sequenceCoverage="0" branchCoverage="0" maxCyclomaticComplexity="5" minCyclomaticComplexity="5" maxCrapScore="30" minCrapScore="30" visitedClasses="0" numClasses="0" visitedMethods="0" numMethods="1" />
              <MetadataToken>100663297</MetadataToken>
              <Name>System.Boolean VikingChessBL.CollisionHandler::PointColisionWithBox(System.Single,System.Single,System.Single,System.Single,System.Single,System.Single)</Name>
              <FileRef uid="3" />
              <SequencePoints>
                <SequencePoint vc="0" uspid="87" ordinal="0" offset="0" sl="12" sc="9" el="12" ec="10" bec="0" bev="0" fileid="3" />
                <SequencePoint vc="0" uspid="88" ordinal="1" offset="1" sl="13" sc="13" el="13" ec="105" bec="2" bev="0" fileid="3" />
                <SequencePoint vc="0" uspid="89" ordinal="2" offset="32" sl="14" sc="13" el="14" ec="14" bec="0" bev="0" fileid="3" />
                <SequencePoint vc="0" uspid="90" ordinal="3" offset="33" sl="15" sc="17" el="15" ec="29" bec="0" bev="0" fileid="3" />
                <SequencePoint vc="0" uspid="91" ordinal="4" offset="37" sl="18" sc="13" el="18" ec="14" bec="0" bev="0" fileid="3" />
                <SequencePoint vc="0" uspid="92" ordinal="5" offset="38" sl="19" sc="17" el="19" ec="30" bec="0" bev="0" fileid="3" />
                <SequencePoint vc="0" uspid="93" ordinal="6" offset="42" sl="21" sc="9" el="21" ec="10" bec="0" bev="0" fileid="3" />
              </SequencePoints>
              <BranchPoints>
                <BranchPoint vc="0" uspid="100" ordinal="6" offset="30" sl="13" path="0" offsetend="32" fileid="3" />
                <BranchPoint vc="0" uspid="101" ordinal="7" offset="30" sl="13" path="1" offsetend="37" fileid="3" />
              </BranchPoints>
              <MethodPoint xsi:type="SequencePoint" vc="0" uspid="87" ordinal="0" offset="0" sl="12" sc="9" el="12" ec="10" bec="0" bev="0" fileid="3" />
            </Method>
            <Method visited="false" cyclomaticComplexity="1" nPathComplexity="0" sequenceCoverage="0" branchCoverage="0" crapScore="2" isConstructor="true" isStatic="false" isGetter="false" isSetter="false">
              <Summary numSequencePoints="0" visitedSequencePoints="0" numBranchPoints="0" visitedBranchPoints="0" sequenceCoverage="0" branchCoverage="0" maxCyclomaticComplexity="1" minCyclomaticComplexity="1" maxCrapScore="2" minCrapScore="2" visitedClasses="0" numClasses="0" visitedMethods="0" numMethods="0" />
              <MetadataToken>100663298</MetadataToken>
              <Name>System.Void VikingChessBL.CollisionHandler::.ctor()</Name>
              <SequencePoints />
              <BranchPoints />
              <MethodPoint vc="0" uspid="102" ordinal="0" offset="0" />
            </Method>
          </Methods>
        </Class>
        <Class>
          <Summary numSequencePoints="239" visitedSequencePoints="72" numBranchPoints="106" visitedBranchPoints="32" sequenceCoverage="30.13" branchCoverage="30.19" maxCyclomaticComplexity="13" minCyclomaticComplexity="1" maxCrapScore="90" minCrapScore="1" visitedClasses="1" numClasses="1" visitedMethods="4" numMethods="14" />
          <FullName>VikingChessBL.GameplayHandler</FullName>
          <Methods>
            <Method skippedDueTo="AutoImplementedProperty" visited="false" cyclomaticComplexity="1" nPathComplexity="0" sequenceCoverage="0" branchCoverage="0" crapScore="0" isConstructor="false" isStatic="false" isGetter="true" isSetter="false">
              <MetadataToken>100663300</MetadataToken>
              <Name>VikingChessBL.PlayBoard VikingChessBL.GameplayHandler::get_Board()</Name>
              <FileRef uid="4" />
              <SequencePoints />
              <BranchPoints />
            </Method>
            <Method skippedDueTo="AutoImplementedProperty" visited="false" cyclomaticComplexity="1" nPathComplexity="0" sequenceCoverage="0" branchCoverage="0" crapScore="0" isConstructor="false" isStatic="false" isGetter="false" isSetter="true">
              <MetadataToken>100663301</MetadataToken>
              <Name>System.Void VikingChessBL.GameplayHandler::set_Board(VikingChessBL.PlayBoard)</Name>
              <FileRef uid="4" />
              <SequencePoints />
              <BranchPoints />
            </Method>
            <Method skippedDueTo="AutoImplementedProperty" visited="false" cyclomaticComplexity="1" nPathComplexity="0" sequenceCoverage="0" branchCoverage="0" crapScore="0" isConstructor="false" isStatic="false" isGetter="true" isSetter="false">
              <MetadataToken>100663302</MetadataToken>
              <Name>VikingChessBL.Piece VikingChessBL.GameplayHandler::get_SelectedPiece()</Name>
              <FileRef uid="4" />
              <SequencePoints />
              <BranchPoints />
            </Method>
            <Method skippedDueTo="AutoImplementedProperty" visited="false" cyclomaticComplexity="1" nPathComplexity="0" sequenceCoverage="0" branchCoverage="0" crapScore="0" isConstructor="false" isStatic="false" isGetter="false" isSetter="true">
              <MetadataToken>100663303</MetadataToken>
              <Name>System.Void VikingChessBL.GameplayHandler::set_SelectedPiece(VikingChessBL.Piece)</Name>
              <FileRef uid="4" />
              <SequencePoints />
              <BranchPoints />
            </Method>
            <Method skippedDueTo="AutoImplementedProperty" visited="false" cyclomaticComplexity="1" nPathComplexity="0" sequenceCoverage="0" branchCoverage="0" crapScore="0" isConstructor="false" isStatic="false" isGetter="true" isSetter="false">
              <MetadataToken>100663304</MetadataToken>
              <Name>System.Int32 VikingChessBL.GameplayHandler::get_SelectedPieceColumn()</Name>
              <FileRef uid="4" />
              <SequencePoints />
              <BranchPoints />
            </Method>
            <Method skippedDueTo="AutoImplementedProperty" visited="false" cyclomaticComplexity="1" nPathComplexity="0" sequenceCoverage="0" branchCoverage="0" crapScore="0" isConstructor="false" isStatic="false" isGetter="false" isSetter="true">
              <MetadataToken>100663305</MetadataToken>
              <Name>System.Void VikingChessBL.GameplayHandler::set_SelectedPieceColumn(System.Int32)</Name>
              <FileRef uid="4" />
              <SequencePoints />
              <BranchPoints />
            </Method>
            <Method skippedDueTo="AutoImplementedProperty" visited="false" cyclomaticComplexity="1" nPathComplexity="0" sequenceCoverage="0" branchCoverage="0" crapScore="0" isConstructor="false" isStatic="false" isGetter="true" isSetter="false">
              <MetadataToken>100663306</MetadataToken>
              <Name>System.Int32 VikingChessBL.GameplayHandler::get_SelectedPieceRow()</Name>
              <FileRef uid="4" />
              <SequencePoints />
              <BranchPoints />
            </Method>
            <Method skippedDueTo="AutoImplementedProperty" visited="false" cyclomaticComplexity="1" nPathComplexity="0" sequenceCoverage="0" branchCoverage="0" crapScore="0" isConstructor="false" isStatic="false" isGetter="false" isSetter="true">
              <MetadataToken>100663307</MetadataToken>
              <Name>System.Void VikingChessBL.GameplayHandler::set_SelectedPieceRow(System.Int32)</Name>
              <FileRef uid="4" />
              <SequencePoints />
              <BranchPoints />
            </Method>
            <Method skippedDueTo="AutoImplementedProperty" visited="false" cyclomaticComplexity="1" nPathComplexity="0" sequenceCoverage="0" branchCoverage="0" crapScore="0" isConstructor="false" isStatic="false" isGetter="true" isSetter="false">
              <MetadataToken>100663308</MetadataToken>
              <Name>Microsoft.Xna.Framework.Input.MouseState VikingChessBL.GameplayHandler::get_CurrentMouseState()</Name>
              <FileRef uid="4" />
              <SequencePoints />
              <BranchPoints />
            </Method>
            <Method skippedDueTo="AutoImplementedProperty" visited="false" cyclomaticComplexity="1" nPathComplexity="0" sequenceCoverage="0" branchCoverage="0" crapScore="0" isConstructor="false" isStatic="false" isGetter="false" isSetter="true">
              <MetadataToken>100663309</MetadataToken>
              <Name>System.Void VikingChessBL.GameplayHandler::set_CurrentMouseState(Microsoft.Xna.Framework.Input.MouseState)</Name>
              <FileRef uid="4" />
              <SequencePoints />
              <BranchPoints />
            </Method>
            <Method skippedDueTo="AutoImplementedProperty" visited="false" cyclomaticComplexity="1" nPathComplexity="0" sequenceCoverage="0" branchCoverage="0" crapScore="0" isConstructor="false" isStatic="false" isGetter="true" isSetter="false">
              <MetadataToken>100663310</MetadataToken>
              <Name>Microsoft.Xna.Framework.Input.MouseState VikingChessBL.GameplayHandler::get_OldMouseState()</Name>
              <FileRef uid="4" />
              <SequencePoints />
              <BranchPoints />
            </Method>
            <Method skippedDueTo="AutoImplementedProperty" visited="false" cyclomaticComplexity="1" nPathComplexity="0" sequenceCoverage="0" branchCoverage="0" crapScore="0" isConstructor="false" isStatic="false" isGetter="false" isSetter="true">
              <MetadataToken>100663311</MetadataToken>
              <Name>System.Void VikingChessBL.GameplayHandler::set_OldMouseState(Microsoft.Xna.Framework.Input.MouseState)</Name>
              <FileRef uid="4" />
              <SequencePoints />
              <BranchPoints />
            </Method>
            <Method skippedDueTo="AutoImplementedProperty" visited="false" cyclomaticComplexity="1" nPathComplexity="0" sequenceCoverage="0" branchCoverage="0" crapScore="0" isConstructor="false" isStatic="false" isGetter="true" isSetter="false">
              <MetadataToken>100663312</MetadataToken>
              <Name>Microsoft.Xna.Framework.Point VikingChessBL.GameplayHandler::get_MousePoint()</Name>
              <FileRef uid="4" />
              <SequencePoints />
              <BranchPoints />
            </Method>
            <Method skippedDueTo="AutoImplementedProperty" visited="false" cyclomaticComplexity="1" nPathComplexity="0" sequenceCoverage="0" branchCoverage="0" crapScore="0" isConstructor="false" isStatic="false" isGetter="false" isSetter="true">
              <MetadataToken>100663313</MetadataToken>
              <Name>System.Void VikingChessBL.GameplayHandler::set_MousePoint(Microsoft.Xna.Framework.Point)</Name>
              <FileRef uid="4" />
              <SequencePoints />
              <BranchPoints />
            </Method>
            <Method visited="true" cyclomaticComplexity="1" nPathComplexity="0" sequenceCoverage="100" branchCoverage="100" crapScore="1" isConstructor="true" isStatic="false" isGetter="false" isSetter="false">
              <Summary numSequencePoints="6" visitedSequencePoints="6" numBranchPoints="1" visitedBranchPoints="1" sequenceCoverage="100" branchCoverage="100" maxCyclomaticComplexity="1" minCyclomaticComplexity="1" maxCrapScore="1" minCrapScore="1" visitedClasses="0" numClasses="0" visitedMethods="1" numMethods="1" />
              <MetadataToken>100663299</MetadataToken>
              <Name>System.Void VikingChessBL.GameplayHandler::.ctor(VikingChessBL.PlayBoard)</Name>
              <FileRef uid="4" />
              <SequencePoints>
                <SequencePoint vc="9" uspid="103" ordinal="0" offset="0" sl="13" sc="9" el="13" ec="68" bec="0" bev="0" fileid="4" />
                <SequencePoint vc="9" uspid="104" ordinal="1" offset="11" sl="14" sc="9" el="14" ec="47" bec="0" bev="0" fileid="4" />
                <SequencePoint vc="9" uspid="105" ordinal="2" offset="22" sl="16" sc="9" el="16" ec="48" bec="0" bev="0" fileid="4" />
                <SequencePoint vc="9" uspid="106" ordinal="3" offset="29" sl="17" sc="9" el="17" ec="10" bec="0" bev="0" fileid="4" />
                <SequencePoint vc="9" uspid="107" ordinal="4" offset="30" sl="18" sc="13" el="18" ec="27" bec="0" bev="0" fileid="4" />
                <SequencePoint vc="9" uspid="108" ordinal="5" offset="38" sl="19" sc="9" el="19" ec="10" bec="0" bev="0" fileid="4" />
              </SequencePoints>
              <BranchPoints />
              <MethodPoint xsi:type="SequencePoint" vc="9" uspid="103" ordinal="0" offset="0" sl="13" sc="9" el="13" ec="68" bec="0" bev="0" fileid="4" />
            </Method>
            <Method visited="false" cyclomaticComplexity="9" nPathComplexity="16" sequenceCoverage="0" branchCoverage="0" crapScore="90" isConstructor="false" isStatic="false" isGetter="false" isSetter="false">
              <Summary numSequencePoints="24" visitedSequencePoints="0" numBranchPoints="9" visitedBranchPoints="0" sequenceCoverage="0" branchCoverage="0" maxCyclomaticComplexity="9" minCyclomaticComplexity="9" maxCrapScore="90" minCrapScore="90" visitedClasses="0" numClasses="0" visitedMethods="0" numMethods="1" />
              <MetadataToken>100663314</MetadataToken>
              <Name>VikingChessBL.PlayBoard VikingChessBL.GameplayHandler::Update(VikingChessBL.GameSetup)</Name>
              <FileRef uid="4" />
              <SequencePoints>
                <SequencePoint vc="0" uspid="109" ordinal="0" offset="0" sl="30" sc="9" el="30" ec="10" bec="0" bev="0" fileid="4" />
                <SequencePoint vc="0" uspid="110" ordinal="1" offset="1" sl="31" sc="13" el="31" ec="50" bec="0" bev="0" fileid="4" />
                <SequencePoint vc="0" uspid="111" ordinal="2" offset="13" sl="32" sc="13" el="32" ec="78" bec="0" bev="0" fileid="4" />
                <SequencePoint vc="0" uspid="112" ordinal="3" offset="53" sl="35" sc="18" el="35" ec="32" bec="0" bev="0" fileid="4" />
                <SequencePoint vc="0" uspid="113" ordinal="4" offset="60" sl="36" sc="13" el="36" ec="14" bec="0" bev="0" fileid="4" />
                <SequencePoint vc="0" uspid="114" ordinal="5" offset="61" sl="37" sc="22" el="37" ec="33" bec="0" bev="0" fileid="4" />
                <SequencePoint vc="0" uspid="115" ordinal="6" offset="68" sl="38" sc="17" el="38" ec="18" bec="0" bev="0" fileid="4" />
                <SequencePoint vc="0" uspid="116" ordinal="7" offset="69" sl="39" sc="21" el="39" ec="124" bec="2" bev="0" fileid="4" />
                <SequencePoint vc="0" uspid="117" ordinal="8" offset="104" sl="40" sc="21" el="40" ec="22" bec="0" bev="0" fileid="4" />
                <SequencePoint vc="0" uspid="118" ordinal="9" offset="105" sl="41" sc="25" el="41" ec="93" bec="0" bev="0" fileid="4" />
                <SequencePoint vc="0" uspid="119" ordinal="10" offset="127" sl="42" sc="21" el="42" ec="22" bec="0" bev="0" fileid="4" />
                <SequencePoint vc="0" uspid="120" ordinal="11" offset="128" sl="44" sc="21" el="44" ec="170" bec="2" bev="0" fileid="4" />
                <SequencePoint vc="0" uspid="121" ordinal="12" offset="188" sl="45" sc="21" el="45" ec="22" bec="0" bev="0" fileid="4" />
                <SequencePoint vc="0" uspid="122" ordinal="13" offset="189" sl="46" sc="25" el="46" ec="48" bec="0" bev="0" fileid="4" />
                <SequencePoint vc="0" uspid="123" ordinal="14" offset="198" sl="47" sc="21" el="47" ec="22" bec="0" bev="0" fileid="4" />
                <SequencePoint vc="0" uspid="124" ordinal="15" offset="199" sl="48" sc="17" el="48" ec="18" bec="0" bev="0" fileid="4" />
                <SequencePoint vc="0" uspid="125" ordinal="16" offset="200" sl="37" sc="53" el="37" ec="58" bec="0" bev="0" fileid="4" />
                <SequencePoint vc="0" uspid="126" ordinal="17" offset="204" sl="37" sc="35" el="37" ec="51" bec="2" bev="0" fileid="4" />
                <SequencePoint vc="0" uspid="127" ordinal="18" offset="227" sl="49" sc="13" el="49" ec="14" bec="0" bev="0" fileid="4" />
                <SequencePoint vc="0" uspid="128" ordinal="19" offset="228" sl="35" sc="58" el="35" ec="66" bec="0" bev="0" fileid="4" />
                <SequencePoint vc="0" uspid="129" ordinal="20" offset="232" sl="35" sc="34" el="35" ec="56" bec="2" bev="0" fileid="4" />
                <SequencePoint vc="0" uspid="130" ordinal="21" offset="255" sl="51" sc="13" el="51" ec="33" bec="0" bev="0" fileid="4" />
                <SequencePoint vc="0" uspid="131" ordinal="22" offset="262" sl="53" sc="13" el="53" ec="26" bec="0" bev="0" fileid="4" />
                <SequencePoint vc="0" uspid="132" ordinal="23" offset="272" sl="54" sc="9" el="54" ec="10" bec="0" bev="0" fileid="4" />
              </SequencePoints>
              <BranchPoints>
                <BranchPoint vc="0" uspid="135" ordinal="2" offset="102" sl="39" path="0" offsetend="104" fileid="4" />
                <BranchPoint vc="0" uspid="136" ordinal="3" offset="102" sl="39" path="1" offsetend="128" fileid="4" />
                <BranchPoint vc="0" uspid="141" ordinal="8" offset="186" sl="44" path="0" offsetend="188" fileid="4" />
                <BranchPoint vc="0" uspid="142" ordinal="9" offset="186" sl="44" path="1" offsetend="199" fileid="4" />
                <BranchPoint vc="0" uspid="143" ordinal="10" offset="222" sl="37" path="0" offsetend="227" fileid="4" />
                <BranchPoint vc="0" uspid="144" ordinal="11" offset="222" sl="37" path="1" offsetend="68" fileid="4" />
                <BranchPoint vc="0" uspid="145" ordinal="12" offset="250" sl="35" path="0" offsetend="255" fileid="4" />
                <BranchPoint vc="0" uspid="146" ordinal="13" offset="250" sl="35" path="1" offsetend="60" fileid="4" />
              </BranchPoints>
              <MethodPoint xsi:type="SequencePoint" vc="0" uspid="109" ordinal="0" offset="0" sl="30" sc="9" el="30" ec="10" bec="0" bev="0" fileid="4" />
            </Method>
            <Method visited="false" cyclomaticComplexity="3" nPathComplexity="4" sequenceCoverage="0" branchCoverage="0" crapScore="12" isConstructor="false" isStatic="false" isGetter="false" isSetter="false">
              <Summary numSequencePoints="17" visitedSequencePoints="0" numBranchPoints="5" visitedBranchPoints="0" sequenceCoverage="0" branchCoverage="0" maxCyclomaticComplexity="3" minCyclomaticComplexity="3" maxCrapScore="12" minCrapScore="12" visitedClasses="0" numClasses="0" visitedMethods="0" numMethods="1" />
              <MetadataToken>100663315</MetadataToken>
              <Name>System.Void VikingChessBL.GameplayHandler::PieceControl(Microsoft.Xna.Framework.Input.MouseState,Microsoft.Xna.Framework.Point,System.Int32,System.Int32,VikingChessBL.GameSetup)</Name>
              <FileRef uid="4" />
              <SequencePoints>
                <SequencePoint vc="0" uspid="147" ordinal="0" offset="0" sl="57" sc="9" el="57" ec="10" bec="0" bev="0" fileid="4" />
                <SequencePoint vc="0" uspid="148" ordinal="1" offset="1" sl="58" sc="13" el="58" ec="39" bec="0" bev="0" fileid="4" />
                <SequencePoint vc="0" uspid="149" ordinal="2" offset="8" sl="59" sc="13" el="59" ec="39" bec="0" bev="0" fileid="4" />
                <SequencePoint vc="0" uspid="150" ordinal="3" offset="15" sl="60" sc="13" el="60" ec="71" bec="0" bev="0" fileid="4" />
                <SequencePoint vc="0" uspid="151" ordinal="4" offset="47" sl="61" sc="13" el="61" ec="69" bec="0" bev="0" fileid="4" />
                <SequencePoint vc="0" uspid="152" ordinal="5" offset="80" sl="62" sc="13" el="62" ec="42" bec="0" bev="0" fileid="4" />
                <SequencePoint vc="0" uspid="153" ordinal="6" offset="93" sl="63" sc="13" el="63" ec="44" bec="0" bev="0" fileid="4" />
                <SequencePoint vc="0" uspid="154" ordinal="7" offset="106" sl="65" sc="13" el="65" ec="98" bec="2" bev="0" fileid="4" />
                <SequencePoint vc="0" uspid="155" ordinal="8" offset="133" sl="66" sc="13" el="66" ec="14" bec="0" bev="0" fileid="4" />
                <SequencePoint vc="0" uspid="156" ordinal="9" offset="134" sl="67" sc="17" el="67" ec="44" bec="2" bev="0" fileid="4" />
                <SequencePoint vc="0" uspid="157" ordinal="10" offset="147" sl="68" sc="17" el="68" ec="18" bec="0" bev="0" fileid="4" />
                <SequencePoint vc="0" uspid="158" ordinal="11" offset="148" sl="69" sc="21" el="69" ec="57" bec="0" bev="0" fileid="4" />
                <SequencePoint vc="0" uspid="159" ordinal="12" offset="160" sl="70" sc="21" el="70" ec="44" bec="0" bev="0" fileid="4" />
                <SequencePoint vc="0" uspid="160" ordinal="13" offset="170" sl="73" sc="21" el="73" ec="115" bec="0" bev="0" fileid="4" />
                <SequencePoint vc="0" uspid="161" ordinal="14" offset="212" sl="74" sc="17" el="74" ec="18" bec="0" bev="0" fileid="4" />
                <SequencePoint vc="0" uspid="162" ordinal="15" offset="213" sl="75" sc="13" el="75" ec="14" bec="0" bev="0" fileid="4" />
                <SequencePoint vc="0" uspid="163" ordinal="16" offset="214" sl="76" sc="9" el="76" ec="10" bec="0" bev="0" fileid="4" />
              </SequencePoints>
              <BranchPoints>
                <BranchPoint vc="0" uspid="164" ordinal="0" offset="131" sl="65" path="0" offsetend="133" fileid="4" />
                <BranchPoint vc="0" uspid="165" ordinal="1" offset="131" sl="65" path="1" offsetend="214" fileid="4" />
                <BranchPoint vc="0" uspid="166" ordinal="2" offset="145" sl="67" path="0" offsetend="147" fileid="4" />
                <BranchPoint vc="0" uspid="167" ordinal="3" offset="145" sl="67" path="1" offsetend="213" fileid="4" />
              </BranchPoints>
              <MethodPoint xsi:type="SequencePoint" vc="0" uspid="147" ordinal="0" offset="0" sl="57" sc="9" el="57" ec="10" bec="0" bev="0" fileid="4" />
            </Method>
            <Method visited="false" cyclomaticComplexity="3" nPathComplexity="2" sequenceCoverage="0" branchCoverage="0" crapScore="12" isConstructor="false" isStatic="false" isGetter="false" isSetter="false">
              <Summary numSequencePoints="9" visitedSequencePoints="0" numBranchPoints="3" visitedBranchPoints="0" sequenceCoverage="0" branchCoverage="0" maxCyclomaticComplexity="3" minCyclomaticComplexity="3" maxCrapScore="12" minCrapScore="12" visitedClasses="0" numClasses="0" visitedMethods="0" numMethods="1" />
              <MetadataToken>100663316</MetadataToken>
              <Name>System.Boolean VikingChessBL.GameplayHandler::MousePress(Microsoft.Xna.Framework.Input.MouseState)</Name>
              <FileRef uid="4" />
              <SequencePoints>
                <SequencePoint vc="0" uspid="168" ordinal="0" offset="0" sl="79" sc="9" el="79" ec="10" bec="0" bev="0" fileid="4" />
                <SequencePoint vc="0" uspid="169" ordinal="1" offset="1" sl="80" sc="13" el="80" ec="38" bec="0" bev="0" fileid="4" />
                <SequencePoint vc="0" uspid="170" ordinal="2" offset="3" sl="82" sc="13" el="82" ec="114" bec="2" bev="0" fileid="4" />
                <SequencePoint vc="0" uspid="171" ordinal="3" offset="37" sl="83" sc="13" el="83" ec="14" bec="0" bev="0" fileid="4" />
                <SequencePoint vc="0" uspid="172" ordinal="4" offset="38" sl="84" sc="17" el="84" ec="37" bec="0" bev="0" fileid="4" />
                <SequencePoint vc="0" uspid="173" ordinal="5" offset="40" sl="85" sc="13" el="85" ec="14" bec="0" bev="0" fileid="4" />
                <SequencePoint vc="0" uspid="174" ordinal="6" offset="41" sl="87" sc="13" el="87" ec="40" bec="0" bev="0" fileid="4" />
                <SequencePoint vc="0" uspid="175" ordinal="7" offset="49" sl="88" sc="13" el="88" ec="33" bec="0" bev="0" fileid="4" />
                <SequencePoint vc="0" uspid="176" ordinal="8" offset="53" sl="89" sc="9" el="89" ec="10" bec="0" bev="0" fileid="4" />
              </SequencePoints>
              <BranchPoints>
                <BranchPoint vc="0" uspid="179" ordinal="2" offset="35" sl="82" path="0" offsetend="37" fileid="4" />
                <BranchPoint vc="0" uspid="180" ordinal="3" offset="35" sl="82" path="1" offsetend="41" fileid="4" />
              </BranchPoints>
              <MethodPoint xsi:type="SequencePoint" vc="0" uspid="168" ordinal="0" offset="0" sl="79" sc="9" el="79" ec="10" bec="0" bev="0" fileid="4" />
            </Method>
            <Method visited="false" cyclomaticComplexity="6" nPathComplexity="8" sequenceCoverage="0" branchCoverage="0" crapScore="42" isConstructor="false" isStatic="false" isGetter="false" isSetter="false">
              <Summary numSequencePoints="17" visitedSequencePoints="0" numBranchPoints="7" visitedBranchPoints="0" sequenceCoverage="0" branchCoverage="0" maxCyclomaticComplexity="6" minCyclomaticComplexity="6" maxCrapScore="42" minCrapScore="42" visitedClasses="0" numClasses="0" visitedMethods="0" numMethods="1" />
              <MetadataToken>100663317</MetadataToken>
              <Name>System.Void VikingChessBL.GameplayHandler::SelectPiece(System.Int32,System.Int32,VikingChessBL.GameSetup)</Name>
              <FileRef uid="4" />
              <SequencePoints>
                <SequencePoint vc="0" uspid="181" ordinal="0" offset="0" sl="92" sc="9" el="92" ec="10" bec="0" bev="0" fileid="4" />
                <SequencePoint vc="0" uspid="182" ordinal="1" offset="1" sl="93" sc="13" el="93" ec="50" bec="2" bev="0" fileid="4" />
                <SequencePoint vc="0" uspid="183" ordinal="2" offset="29" sl="94" sc="13" el="94" ec="14" bec="0" bev="0" fileid="4" />
                <SequencePoint vc="0" uspid="184" ordinal="3" offset="30" sl="96" sc="17" el="96" ec="127" bec="2" bev="0" fileid="4" />
                <SequencePoint vc="0" uspid="185" ordinal="4" offset="76" sl="97" sc="17" el="97" ec="18" bec="0" bev="0" fileid="4" />
                <SequencePoint vc="0" uspid="186" ordinal="5" offset="77" sl="98" sc="21" el="98" ec="62" bec="0" bev="0" fileid="4" />
                <SequencePoint vc="0" uspid="187" ordinal="6" offset="102" sl="99" sc="21" el="99" ec="50" bec="0" bev="0" fileid="4" />
                <SequencePoint vc="0" uspid="188" ordinal="7" offset="110" sl="100" sc="21" el="100" ec="44" bec="0" bev="0" fileid="4" />
                <SequencePoint vc="0" uspid="189" ordinal="8" offset="118" sl="101" sc="17" el="101" ec="18" bec="0" bev="0" fileid="4" />
                <SequencePoint vc="0" uspid="190" ordinal="9" offset="119" sl="103" sc="17" el="103" ec="127" bec="2" bev="0" fileid="4" />
                <SequencePoint vc="0" uspid="191" ordinal="10" offset="166" sl="104" sc="17" el="104" ec="18" bec="0" bev="0" fileid="4" />
                <SequencePoint vc="0" uspid="192" ordinal="11" offset="167" sl="105" sc="21" el="105" ec="62" bec="0" bev="0" fileid="4" />
                <SequencePoint vc="0" uspid="193" ordinal="12" offset="192" sl="106" sc="21" el="106" ec="50" bec="0" bev="0" fileid="4" />
                <SequencePoint vc="0" uspid="194" ordinal="13" offset="200" sl="107" sc="21" el="107" ec="44" bec="0" bev="0" fileid="4" />
                <SequencePoint vc="0" uspid="195" ordinal="14" offset="208" sl="108" sc="17" el="108" ec="18" bec="0" bev="0" fileid="4" />
                <SequencePoint vc="0" uspid="196" ordinal="15" offset="209" sl="109" sc="13" el="109" ec="14" bec="0" bev="0" fileid="4" />
                <SequencePoint vc="0" uspid="197" ordinal="16" offset="210" sl="110" sc="9" el="110" ec="10" bec="0" bev="0" fileid="4" />
              </SequencePoints>
              <BranchPoints>
                <BranchPoint vc="0" uspid="198" ordinal="0" offset="24" sl="93" path="0" offsetend="29" fileid="4" />
                <BranchPoint vc="0" uspid="199" ordinal="1" offset="24" sl="93" path="1" offsetend="210" fileid="4" />
                <BranchPoint vc="0" uspid="202" ordinal="4" offset="74" sl="96" path="0" offsetend="76" fileid="4" />
                <BranchPoint vc="0" uspid="203" ordinal="5" offset="74" sl="96" path="1" offsetend="119" fileid="4" />
                <BranchPoint vc="0" uspid="206" ordinal="8" offset="164" sl="103" path="0" offsetend="166" fileid="4" />
                <BranchPoint vc="0" uspid="207" ordinal="9" offset="164" sl="103" path="1" offsetend="209" fileid="4" />
              </BranchPoints>
              <MethodPoint xsi:type="SequencePoint" vc="0" uspid="181" ordinal="0" offset="0" sl="92" sc="9" el="92" ec="10" bec="0" bev="0" fileid="4" />
            </Method>
            <Method visited="false" cyclomaticComplexity="3" nPathComplexity="2" sequenceCoverage="0" branchCoverage="0" crapScore="12" isConstructor="false" isStatic="false" isGetter="false" isSetter="false">
              <Summary numSequencePoints="6" visitedSequencePoints="0" numBranchPoints="3" visitedBranchPoints="0" sequenceCoverage="0" branchCoverage="0" maxCyclomaticComplexity="3" minCyclomaticComplexity="3" maxCrapScore="12" minCrapScore="12" visitedClasses="0" numClasses="0" visitedMethods="0" numMethods="1" />
              <MetadataToken>100663318</MetadataToken>
              <Name>System.Void VikingChessBL.GameplayHandler::DeselectPiece(System.Int32,System.Int32)</Name>
              <FileRef uid="4" />
              <SequencePoints>
                <SequencePoint vc="0" uspid="208" ordinal="0" offset="0" sl="113" sc="9" el="113" ec="10" bec="0" bev="0" fileid="4" />
                <SequencePoint vc="0" uspid="209" ordinal="1" offset="1" sl="114" sc="13" el="114" ec="75" bec="2" bev="0" fileid="4" />
                <SequencePoint vc="0" uspid="210" ordinal="2" offset="37" sl="115" sc="13" el="115" ec="14" bec="0" bev="0" fileid="4" />
                <SequencePoint vc="0" uspid="211" ordinal="3" offset="38" sl="116" sc="17" el="116" ec="38" bec="0" bev="0" fileid="4" />
                <SequencePoint vc="0" uspid="212" ordinal="4" offset="46" sl="117" sc="13" el="117" ec="14" bec="0" bev="0" fileid="4" />
                <SequencePoint vc="0" uspid="213" ordinal="5" offset="47" sl="118" sc="9" el="118" ec="10" bec="0" bev="0" fileid="4" />
              </SequencePoints>
              <BranchPoints>
                <BranchPoint vc="0" uspid="216" ordinal="2" offset="35" sl="114" path="0" offsetend="37" fileid="4" />
                <BranchPoint vc="0" uspid="217" ordinal="3" offset="35" sl="114" path="1" offsetend="47" fileid="4" />
              </BranchPoints>
              <MethodPoint xsi:type="SequencePoint" vc="0" uspid="208" ordinal="0" offset="0" sl="113" sc="9" el="113" ec="10" bec="0" bev="0" fileid="4" />
            </Method>
            <Method visited="false" cyclomaticComplexity="4" nPathComplexity="4" sequenceCoverage="0" branchCoverage="0" crapScore="20" isConstructor="false" isStatic="false" isGetter="false" isSetter="false">
              <Summary numSequencePoints="13" visitedSequencePoints="0" numBranchPoints="5" visitedBranchPoints="0" sequenceCoverage="0" branchCoverage="0" maxCyclomaticComplexity="4" minCyclomaticComplexity="4" maxCrapScore="20" minCrapScore="20" visitedClasses="0" numClasses="0" visitedMethods="0" numMethods="1" />
              <MetadataToken>100663319</MetadataToken>
              <Name>System.Void VikingChessBL.GameplayHandler::MovePiece(System.Int32,System.Int32)</Name>
              <FileRef uid="4" />
              <SequencePoints>
                <SequencePoint vc="0" uspid="218" ordinal="0" offset="0" sl="121" sc="9" el="121" ec="10" bec="0" bev="0" fileid="4" />
                <SequencePoint vc="0" uspid="219" ordinal="1" offset="1" sl="122" sc="13" el="122" ec="39" bec="2" bev="0" fileid="4" />
                <SequencePoint vc="0" uspid="220" ordinal="2" offset="17" sl="123" sc="13" el="123" ec="14" bec="0" bev="0" fileid="4" />
                <SequencePoint vc="0" uspid="221" ordinal="3" offset="18" sl="124" sc="17" el="124" ec="95" bec="2" bev="0" fileid="4" />
                <SequencePoint vc="0" uspid="222" ordinal="4" offset="66" sl="125" sc="17" el="125" ec="18" bec="0" bev="0" fileid="4" />
                <SequencePoint vc="0" uspid="223" ordinal="5" offset="67" sl="127" sc="21" el="127" ec="62" bec="0" bev="0" fileid="4" />
                <SequencePoint vc="0" uspid="224" ordinal="6" offset="91" sl="128" sc="21" el="128" ec="79" bec="0" bev="0" fileid="4" />
                <SequencePoint vc="0" uspid="225" ordinal="7" offset="120" sl="129" sc="21" el="129" ec="42" bec="0" bev="0" fileid="4" />
                <SequencePoint vc="0" uspid="226" ordinal="8" offset="128" sl="131" sc="21" el="131" ec="40" bec="0" bev="0" fileid="4" />
                <SequencePoint vc="0" uspid="227" ordinal="9" offset="140" sl="132" sc="21" el="132" ec="71" bec="0" bev="0" fileid="4" />
                <SequencePoint vc="0" uspid="228" ordinal="10" offset="175" sl="133" sc="17" el="133" ec="18" bec="0" bev="0" fileid="4" />
                <SequencePoint vc="0" uspid="229" ordinal="11" offset="176" sl="134" sc="13" el="134" ec="14" bec="0" bev="0" fileid="4" />
                <SequencePoint vc="0" uspid="230" ordinal="12" offset="177" sl="135" sc="9" el="135" ec="10" bec="0" bev="0" fileid="4" />
              </SequencePoints>
              <BranchPoints>
                <BranchPoint vc="0" uspid="231" ordinal="0" offset="12" sl="122" path="0" offsetend="17" fileid="4" />
                <BranchPoint vc="0" uspid="232" ordinal="1" offset="12" sl="122" path="1" offsetend="177" fileid="4" />
                <BranchPoint vc="0" uspid="235" ordinal="4" offset="64" sl="124" path="0" offsetend="66" fileid="4" />
                <BranchPoint vc="0" uspid="236" ordinal="5" offset="64" sl="124" path="1" offsetend="176" fileid="4" />
              </BranchPoints>
              <MethodPoint xsi:type="SequencePoint" vc="0" uspid="218" ordinal="0" offset="0" sl="121" sc="9" el="121" ec="10" bec="0" bev="0" fileid="4" />
            </Method>
            <Method visited="false" cyclomaticComplexity="6" nPathComplexity="32" sequenceCoverage="0" branchCoverage="0" crapScore="42" isConstructor="false" isStatic="false" isGetter="false" isSetter="false">
              <Summary numSequencePoints="25" visitedSequencePoints="0" numBranchPoints="11" visitedBranchPoints="0" sequenceCoverage="0" branchCoverage="0" maxCyclomaticComplexity="6" minCyclomaticComplexity="6" maxCrapScore="42" minCrapScore="42" visitedClasses="0" numClasses="0" visitedMethods="0" numMethods="1" />
              <MetadataToken>100663320</MetadataToken>
              <Name>System.Void VikingChessBL.GameplayHandler::KillCheck(System.Int32,System.Int32)</Name>
              <FileRef uid="4" />
              <SequencePoints>
                <SequencePoint vc="0" uspid="237" ordinal="0" offset="0" sl="138" sc="9" el="138" ec="10" bec="0" bev="0" fileid="4" />
                <SequencePoint vc="0" uspid="238" ordinal="1" offset="1" sl="140" sc="13" el="140" ec="56" bec="0" bev="0" fileid="4" />
                <SequencePoint vc="0" uspid="239" ordinal="2" offset="3" sl="141" sc="13" el="141" ec="59" bec="0" bev="0" fileid="4" />
                <SequencePoint vc="0" uspid="240" ordinal="3" offset="5" sl="143" sc="13" el="143" ec="69" bec="2" bev="0" fileid="4" />
                <SequencePoint vc="0" uspid="241" ordinal="4" offset="23" sl="144" sc="13" el="144" ec="14" bec="0" bev="0" fileid="4" />
                <SequencePoint vc="0" uspid="242" ordinal="5" offset="24" sl="145" sc="17" el="145" ec="48" bec="0" bev="0" fileid="4" />
                <SequencePoint vc="0" uspid="243" ordinal="6" offset="26" sl="146" sc="17" el="146" ec="51" bec="0" bev="0" fileid="4" />
                <SequencePoint vc="0" uspid="244" ordinal="7" offset="28" sl="147" sc="13" el="147" ec="14" bec="0" bev="0" fileid="4" />
                <SequencePoint vc="0" uspid="245" ordinal="8" offset="29" sl="148" sc="13" el="148" ec="69" bec="2" bev="0" fileid="4" />
                <SequencePoint vc="0" uspid="246" ordinal="9" offset="47" sl="149" sc="13" el="149" ec="14" bec="0" bev="0" fileid="4" />
                <SequencePoint vc="0" uspid="247" ordinal="10" offset="48" sl="150" sc="17" el="150" ec="48" bec="0" bev="0" fileid="4" />
                <SequencePoint vc="0" uspid="248" ordinal="11" offset="50" sl="151" sc="17" el="151" ec="51" bec="0" bev="0" fileid="4" />
                <SequencePoint vc="0" uspid="249" ordinal="12" offset="52" sl="152" sc="13" el="152" ec="14" bec="0" bev="0" fileid="4" />
                <SequencePoint vc="0" uspid="250" ordinal="13" offset="53" sl="155" sc="13" el="155" ec="60" bec="2" bev="0" fileid="4" />
                <SequencePoint vc="0" uspid="251" ordinal="14" offset="85" sl="156" sc="13" el="156" ec="14" bec="0" bev="0" fileid="4" />
                <SequencePoint vc="0" uspid="252" ordinal="15" offset="86" sl="157" sc="17" el="157" ec="54" bec="2" bev="0" fileid="4" />
                <SequencePoint vc="0" uspid="253" ordinal="16" offset="113" sl="158" sc="17" el="158" ec="18" bec="0" bev="0" fileid="4" />
                <SequencePoint vc="0" uspid="254" ordinal="17" offset="114" sl="159" sc="21" el="159" ec="63" bec="0" bev="0" fileid="4" />
                <SequencePoint vc="0" uspid="255" ordinal="18" offset="124" sl="160" sc="17" el="160" ec="18" bec="0" bev="0" fileid="4" />
                <SequencePoint vc="0" uspid="256" ordinal="19" offset="125" sl="162" sc="17" el="162" ec="54" bec="2" bev="0" fileid="4" />
                <SequencePoint vc="0" uspid="257" ordinal="20" offset="152" sl="163" sc="17" el="163" ec="18" bec="0" bev="0" fileid="4" />
                <SequencePoint vc="0" uspid="258" ordinal="21" offset="153" sl="164" sc="21" el="164" ec="61" bec="0" bev="0" fileid="4" />
[...]
              <MetadataToken>100663375</MetadataToken>
              <Name>System.Single VikingChessBL.GameSetup::get_Zoom()</Name>
              <FileRef uid="7" />
              <SequencePoints />
              <BranchPoints />
            </Method>
            <Method skippedDueTo="AutoImplementedProperty" visited="false" cyclomaticComplexity="1" nPathComplexity="0" sequenceCoverage="0" branchCoverage="0" crapScore="0" isConstructor="false" isStatic="false" isGetter="false" isSetter="true">
              <MetadataToken>100663376</MetadataToken>
              <Name>System.Void VikingChessBL.GameSetup::set_Zoom(System.Single)</Name>
              <FileRef uid="7" />
              <SequencePoints />
              <BranchPoints />
            </Method>
            <Method visited="false" cyclomaticComplexity="1" nPathComplexity="0" sequenceCoverage="0" branchCoverage="0" crapScore="2" isConstructor="true" isStatic="false" isGetter="false" isSetter="false">
              <Summary numSequencePoints="6" visitedSequencePoints="0" numBranchPoints="1" visitedBranchPoints="0" sequenceCoverage="0" branchCoverage="0" maxCyclomaticComplexity="1" minCyclomaticComplexity="1" maxCrapScore="2" minCrapScore="2" visitedClasses="0" numClasses="0" visitedMethods="0" numMethods="1" />
              <MetadataToken>100663370</MetadataToken>
              <Name>System.Void VikingChessBL.GameSetup::.ctor()</Name>
              <FileRef uid="7" />
              <SequencePoints>
                <SequencePoint vc="0" uspid="716" ordinal="0" offset="0" sl="12" sc="9" el="12" ec="27" bec="0" bev="0" fileid="7" />
                <SequencePoint vc="0" uspid="717" ordinal="1" offset="7" sl="13" sc="9" el="13" ec="10" bec="0" bev="0" fileid="7" />
                <SequencePoint vc="0" uspid="718" ordinal="2" offset="8" sl="14" sc="13" el="14" ec="31" bec="0" bev="0" fileid="7" />
                <SequencePoint vc="0" uspid="719" ordinal="3" offset="20" sl="15" sc="13" el="15" ec="32" bec="0" bev="0" fileid="7" />
                <SequencePoint vc="0" uspid="720" ordinal="4" offset="32" sl="16" sc="13" el="16" ec="23" bec="0" bev="0" fileid="7" />
                <SequencePoint vc="0" uspid="721" ordinal="5" offset="44" sl="17" sc="9" el="17" ec="10" bec="0" bev="0" fileid="7" />
              </SequencePoints>
              <BranchPoints />
              <MethodPoint xsi:type="SequencePoint" vc="0" uspid="716" ordinal="0" offset="0" sl="12" sc="9" el="12" ec="27" bec="0" bev="0" fileid="7" />
            </Method>
          </Methods>
        </Class>
        <Class>
          <Summary numSequencePoints="0" visitedSequencePoints="0" numBranchPoints="0" visitedBranchPoints="0" sequenceCoverage="0" branchCoverage="0" maxCyclomaticComplexity="1" minCyclomaticComplexity="1" maxCrapScore="2" minCrapScore="2" visitedClasses="0" numClasses="0" visitedMethods="0" numMethods="0" />
          <FullName>VikingChessBL.Legal</FullName>
          <Methods>
            <Method visited="false" cyclomaticComplexity="1" nPathComplexity="0" sequenceCoverage="0" branchCoverage="0" crapScore="2" isConstructor="true" isStatic="false" isGetter="false" isSetter="false">
              <Summary numSequencePoints="0" visitedSequencePoints="0" numBranchPoints="0" visitedBranchPoints="0" sequenceCoverage="0" branchCoverage="0" maxCyclomaticComplexity="1" minCyclomaticComplexity="1" maxCrapScore="2" minCrapScore="2" visitedClasses="0" numClasses="0" visitedMethods="0" numMethods="0" />
              <MetadataToken>100663377</MetadataToken>
              <Name>System.Void VikingChessBL.Legal::.ctor()</Name>
              <SequencePoints />
              <BranchPoints />
              <MethodPoint vc="0" uspid="722" ordinal="0" offset="0" />
            </Method>
          </Methods>
        </Class>
        <Class>
          <Summary numSequencePoints="20" visitedSequencePoints="9" numBranchPoints="5" visitedBranchPoints="1" sequenceCoverage="45" branchCoverage="20" maxCyclomaticComplexity="2" minCyclomaticComplexity="1" maxCrapScore="6" minCrapScore="1" visitedClasses="1" numClasses="1" visitedMethods="1" numMethods="3" />
          <FullName>VikingChessBL.Piece</FullName>
          <Methods>
            <Method skippedDueTo="AutoImplementedProperty" visited="false" cyclomaticComplexity="1" nPathComplexity="0" sequenceCoverage="0" branchCoverage="0" crapScore="0" isConstructor="false" isStatic="false" isGetter="true" isSetter="false">
              <MetadataToken>100663380</MetadataToken>
              <Name>VikingChessBL.Piece/teams VikingChessBL.Piece::get_Team()</Name>
              <FileRef uid="8" />
              <SequencePoints />
              <BranchPoints />
            </Method>
            <Method skippedDueTo="AutoImplementedProperty" visited="false" cyclomaticComplexity="1" nPathComplexity="0" sequenceCoverage="0" branchCoverage="0" crapScore="0" isConstructor="false" isStatic="false" isGetter="false" isSetter="true">
              <MetadataToken>100663381</MetadataToken>
              <Name>System.Void VikingChessBL.Piece::set_Team(VikingChessBL.Piece/teams)</Name>
              <FileRef uid="8" />
              <SequencePoints />
              <BranchPoints />
            </Method>
            <Method skippedDueTo="AutoImplementedProperty" visited="false" cyclomaticComplexity="1" nPathComplexity="0" sequenceCoverage="0" branchCoverage="0" crapScore="0" isConstructor="false" isStatic="false" isGetter="true" isSetter="false">
              <MetadataToken>100663382</MetadataToken>
              <Name>VikingChessBL.Piece/types VikingChessBL.Piece::get_Type()</Name>
              <FileRef uid="8" />
              <SequencePoints />
              <BranchPoints />
            </Method>
            <Method skippedDueTo="AutoImplementedProperty" visited="false" cyclomaticComplexity="1" nPathComplexity="0" sequenceCoverage="0" branchCoverage="0" crapScore="0" isConstructor="false" isStatic="false" isGetter="false" isSetter="true">
              <MetadataToken>100663383</MetadataToken>
              <Name>System.Void VikingChessBL.Piece::set_Type(VikingChessBL.Piece/types)</Name>
              <FileRef uid="8" />
              <SequencePoints />
              <BranchPoints />
            </Method>
            <Method skippedDueTo="AutoImplementedProperty" visited="false" cyclomaticComplexity="1" nPathComplexity="0" sequenceCoverage="0" branchCoverage="0" crapScore="0" isConstructor="false" isStatic="false" isGetter="true" isSetter="false">
              <MetadataToken>100663384</MetadataToken>
              <Name>Microsoft.Xna.Framework.Vector2 VikingChessBL.Piece::get_Position()</Name>
              <FileRef uid="8" />
              <SequencePoints />
              <BranchPoints />
            </Method>
            <Method skippedDueTo="AutoImplementedProperty" visited="false" cyclomaticComplexity="1" nPathComplexity="0" sequenceCoverage="0" branchCoverage="0" crapScore="0" isConstructor="false" isStatic="false" isGetter="false" isSetter="true">
              <MetadataToken>100663385</MetadataToken>
              <Name>System.Void VikingChessBL.Piece::set_Position(Microsoft.Xna.Framework.Vector2)</Name>
              <FileRef uid="8" />
              <SequencePoints />
              <BranchPoints />
            </Method>
            <Method skippedDueTo="AutoImplementedProperty" visited="false" cyclomaticComplexity="1" nPathComplexity="0" sequenceCoverage="0" branchCoverage="0" crapScore="0" isConstructor="false" isStatic="false" isGetter="true" isSetter="false">
              <MetadataToken>100663386</MetadataToken>
              <Name>Microsoft.Xna.Framework.Vector2 VikingChessBL.Piece::get_DrawPosition()</Name>
              <FileRef uid="8" />
              <SequencePoints />
              <BranchPoints />
            </Method>
            <Method skippedDueTo="AutoImplementedProperty" visited="false" cyclomaticComplexity="1" nPathComplexity="0" sequenceCoverage="0" branchCoverage="0" crapScore="0" isConstructor="false" isStatic="false" isGetter="false" isSetter="true">
              <MetadataToken>100663387</MetadataToken>
              <Name>System.Void VikingChessBL.Piece::set_DrawPosition(Microsoft.Xna.Framework.Vector2)</Name>
              <FileRef uid="8" />
              <SequencePoints />
              <BranchPoints />
            </Method>
            <Method skippedDueTo="AutoImplementedProperty" visited="false" cyclomaticComplexity="1" nPathComplexity="0" sequenceCoverage="0" branchCoverage="0" crapScore="0" isConstructor="false" isStatic="false" isGetter="true" isSetter="false">
              <MetadataToken>100663388</MetadataToken>
              <Name>System.Int32 VikingChessBL.Piece::get_MovedInTurn()</Name>
              <FileRef uid="8" />
              <SequencePoints />
              <BranchPoints />
            </Method>
            <Method skippedDueTo="AutoImplementedProperty" visited="false" cyclomaticComplexity="1" nPathComplexity="0" sequenceCoverage="0" branchCoverage="0" crapScore="0" isConstructor="false" isStatic="false" isGetter="false" isSetter="true">
              <MetadataToken>100663389</MetadataToken>
              <Name>System.Void VikingChessBL.Piece::set_MovedInTurn(System.Int32)</Name>
              <FileRef uid="8" />
              <SequencePoints />
              <BranchPoints />
            </Method>
            <Method visited="false" cyclomaticComplexity="1" nPathComplexity="0" sequenceCoverage="0" branchCoverage="0" crapScore="2" isConstructor="true" isStatic="false" isGetter="false" isSetter="false">
              <Summary numSequencePoints="4" visitedSequencePoints="0" numBranchPoints="1" visitedBranchPoints="0" sequenceCoverage="0" branchCoverage="0" maxCyclomaticComplexity="1" minCyclomaticComplexity="1" maxCrapScore="2" minCrapScore="2" visitedClasses="0" numClasses="0" visitedMethods="0" numMethods="1" />
              <MetadataToken>100663378</MetadataToken>
              <Name>System.Void VikingChessBL.Piece::.ctor()</Name>
              <FileRef uid="8" />
              <SequencePoints>
                <SequencePoint vc="0" uspid="723" ordinal="0" offset="0" sl="16" sc="9" el="16" ec="71" bec="0" bev="0" fileid="8" />
                <SequencePoint vc="0" uspid="724" ordinal="1" offset="11" sl="19" sc="9" el="19" ec="23" bec="0" bev="0" fileid="8" />
                <SequencePoint vc="0" uspid="725" ordinal="2" offset="18" sl="20" sc="9" el="20" ec="10" bec="0" bev="0" fileid="8" />
                <SequencePoint vc="0" uspid="726" ordinal="3" offset="19" sl="22" sc="9" el="22" ec="10" bec="0" bev="0" fileid="8" />
              </SequencePoints>
              <BranchPoints />
              <MethodPoint xsi:type="SequencePoint" vc="0" uspid="723" ordinal="0" offset="0" sl="16" sc="9" el="16" ec="71" bec="0" bev="0" fileid="8" />
            </Method>
            <Method visited="true" cyclomaticComplexity="1" nPathComplexity="0" sequenceCoverage="100" branchCoverage="100" crapScore="1" isConstructor="true" isStatic="false" isGetter="false" isSetter="false">
              <Summary numSequencePoints="9" visitedSequencePoints="9" numBranchPoints="1" visitedBranchPoints="1" sequenceCoverage="100" branchCoverage="100" maxCyclomaticComplexity="1" minCyclomaticComplexity="1" maxCrapScore="1" minCrapScore="1" visitedClasses="0" numClasses="0" visitedMethods="1" numMethods="1" />
              <MetadataToken>100663379</MetadataToken>
              <Name>System.Void VikingChessBL.Piece::.ctor(VikingChessBL.Piece/teams,VikingChessBL.Piece/types,Microsoft.Xna.Framework.Vector2)</Name>
              <FileRef uid="8" />
              <SequencePoints>
                <SequencePoint vc="416" uspid="727" ordinal="0" offset="0" sl="16" sc="9" el="16" ec="71" bec="0" bev="0" fileid="8">
                  <TrackedMethodRefs>
                    <TrackedMethodRef uid="2" vc="1" />
                    <TrackedMethodRef uid="1" vc="2" />
                    <TrackedMethodRef uid="4" vc="2" />
                    <TrackedMethodRef uid="3" vc="2" />
                    <TrackedMethodRef uid="6" vc="2" />
                    <TrackedMethodRef uid="5" vc="2" />
                  </TrackedMethodRefs>
                </SequencePoint>
                <SequencePoint vc="416" uspid="728" ordinal="1" offset="11" sl="25" sc="9" el="25" ec="63" bec="0" bev="0" fileid="8">
                  <TrackedMethodRefs>
                    <TrackedMethodRef uid="2" vc="1" />
                    <TrackedMethodRef uid="1" vc="2" />
                    <TrackedMethodRef uid="4" vc="2" />
                    <TrackedMethodRef uid="3" vc="2" />
                    <TrackedMethodRef uid="6" vc="2" />
                    <TrackedMethodRef uid="5" vc="2" />
                  </TrackedMethodRefs>
                </SequencePoint>
                <SequencePoint vc="416" uspid="729" ordinal="2" offset="18" sl="26" sc="9" el="26" ec="10" bec="0" bev="0" fileid="8">
                  <TrackedMethodRefs>
                    <TrackedMethodRef uid="2" vc="1" />
                    <TrackedMethodRef uid="1" vc="2" />
                    <TrackedMethodRef uid="4" vc="2" />
                    <TrackedMethodRef uid="3" vc="2" />
                    <TrackedMethodRef uid="6" vc="2" />
                    <TrackedMethodRef uid="5" vc="2" />
                  </TrackedMethodRefs>
                </SequencePoint>
                <SequencePoint vc="416" uspid="730" ordinal="3" offset="19" sl="27" sc="13" el="27" ec="25" bec="0" bev="0" fileid="8">
                  <TrackedMethodRefs>
                    <TrackedMethodRef uid="2" vc="1" />
                    <TrackedMethodRef uid="1" vc="2" />
                    <TrackedMethodRef uid="4" vc="2" />
                    <TrackedMethodRef uid="3" vc="2" />
                    <TrackedMethodRef uid="6" vc="2" />
                    <TrackedMethodRef uid="5" vc="2" />
                  </TrackedMethodRefs>
                </SequencePoint>
                <SequencePoint vc="416" uspid="731" ordinal="4" offset="27" sl="28" sc="13" el="28" ec="25" bec="0" bev="0" fileid="8">
                  <TrackedMethodRefs>
                    <TrackedMethodRef uid="2" vc="1" />
                    <TrackedMethodRef uid="1" vc="2" />
                    <TrackedMethodRef uid="4" vc="2" />
                    <TrackedMethodRef uid="3" vc="2" />
                    <TrackedMethodRef uid="6" vc="2" />
                    <TrackedMethodRef uid="5" vc="2" />
                  </TrackedMethodRefs>
                </SequencePoint>
                <SequencePoint vc="416" uspid="732" ordinal="5" offset="35" sl="29" sc="13" el="29" ec="33" bec="0" bev="0" fileid="8">
                  <TrackedMethodRefs>
                    <TrackedMethodRef uid="2" vc="1" />
                    <TrackedMethodRef uid="1" vc="2" />
                    <TrackedMethodRef uid="4" vc="2" />
                    <TrackedMethodRef uid="3" vc="2" />
                    <TrackedMethodRef uid="6" vc="2" />
                    <TrackedMethodRef uid="5" vc="2" />
                  </TrackedMethodRefs>
                </SequencePoint>
                <SequencePoint vc="416" uspid="733" ordinal="6" offset="43" sl="30" sc="13" el="30" ec="37" bec="0" bev="0" fileid="8">
                  <TrackedMethodRefs>
                    <TrackedMethodRef uid="2" vc="1" />
                    <TrackedMethodRef uid="1" vc="2" />
                    <TrackedMethodRef uid="4" vc="2" />
                    <TrackedMethodRef uid="3" vc="2" />
                    <TrackedMethodRef uid="6" vc="2" />
                    <TrackedMethodRef uid="5" vc="2" />
                  </TrackedMethodRefs>
                </SequencePoint>
                <SequencePoint vc="416" uspid="734" ordinal="7" offset="51" sl="31" sc="13" el="31" ec="29" bec="0" bev="0" fileid="8">
                  <TrackedMethodRefs>
                    <TrackedMethodRef uid="2" vc="1" />
                    <TrackedMethodRef uid="1" vc="2" />
                    <TrackedMethodRef uid="4" vc="2" />
                    <TrackedMethodRef uid="3" vc="2" />
                    <TrackedMethodRef uid="6" vc="2" />
                    <TrackedMethodRef uid="5" vc="2" />
                  </TrackedMethodRefs>
                </SequencePoint>
                <SequencePoint vc="416" uspid="735" ordinal="8" offset="59" sl="32" sc="9" el="32" ec="10" bec="0" bev="0" fileid="8">
                  <TrackedMethodRefs>
                    <TrackedMethodRef uid="2" vc="1" />
                    <TrackedMethodRef uid="1" vc="2" />
                    <TrackedMethodRef uid="4" vc="2" />
                    <TrackedMethodRef uid="3" vc="2" />
                    <TrackedMethodRef uid="6" vc="2" />
                    <TrackedMethodRef uid="5" vc="2" />
                  </TrackedMethodRefs>
                </SequencePoint>
              </SequencePoints>
              <BranchPoints />
              <MethodPoint xsi:type="SequencePoint" vc="416" uspid="727" ordinal="0" offset="0" sl="16" sc="9" el="16" ec="71" bec="0" bev="0" fileid="8">
                <TrackedMethodRefs>
                  <TrackedMethodRef uid="2" vc="1" />
                  <TrackedMethodRef uid="1" vc="2" />
                  <TrackedMethodRef uid="4" vc="2" />
                  <TrackedMethodRef uid="3" vc="2" />
                  <TrackedMethodRef uid="6" vc="2" />
                  <TrackedMethodRef uid="5" vc="2" />
                </TrackedMethodRefs>
              </MethodPoint>
            </Method>
            <Method visited="false" cyclomaticComplexity="2" nPathComplexity="2" sequenceCoverage="0" branchCoverage="0" crapScore="6" isConstructor="false" isStatic="false" isGetter="false" isSetter="false">
              <Summary numSequencePoints="7" visitedSequencePoints="0" numBranchPoints="3" visitedBranchPoints="0" sequenceCoverage="0" branchCoverage="0" maxCyclomaticComplexity="2" minCyclomaticComplexity="2" maxCrapScore="6" minCrapScore="6" visitedClasses="0" numClasses="0" visitedMethods="0" numMethods="1" />
              <MetadataToken>100663390</MetadataToken>
              <Name>System.Boolean VikingChessBL.Piece::SelectPiece(Microsoft.Xna.Framework.Input.MouseState,Microsoft.Xna.Framework.Point)</Name>
              <FileRef uid="8" />
              <SequencePoints>
                <SequencePoint vc="0" uspid="736" ordinal="0" offset="0" sl="42" sc="9" el="42" ec="10" bec="0" bev="0" fileid="8" />
                <SequencePoint vc="0" uspid="737" ordinal="1" offset="1" sl="43" sc="13" el="43" ec="118" bec="2" bev="0" fileid="8" />
                <SequencePoint vc="0" uspid="738" ordinal="2" offset="62" sl="44" sc="13" el="44" ec="14" bec="0" bev="0" fileid="8" />
                <SequencePoint vc="0" uspid="739" ordinal="3" offset="63" sl="45" sc="17" el="45" ec="29" bec="0" bev="0" fileid="8" />
                <SequencePoint vc="0" uspid="740" ordinal="4" offset="67" sl="48" sc="13" el="48" ec="14" bec="0" bev="0" fileid="8" />
                <SequencePoint vc="0" uspid="741" ordinal="5" offset="68" sl="49" sc="17" el="49" ec="30" bec="0" bev="0" fileid="8" />
                <SequencePoint vc="0" uspid="742" ordinal="6" offset="72" sl="51" sc="9" el="51" ec="10" bec="0" bev="0" fileid="8" />
              </SequencePoints>
              <BranchPoints>
                <BranchPoint vc="0" uspid="743" ordinal="0" offset="60" sl="43" path="0" offsetend="62" fileid="8" />
                <BranchPoint vc="0" uspid="744" ordinal="1" offset="60" sl="43" path="1" offsetend="67" fileid="8" />
              </BranchPoints>
              <MethodPoint xsi:type="SequencePoint" vc="0" uspid="736" ordinal="0" offset="0" sl="42" sc="9" el="42" ec="10" bec="0" bev="0" fileid="8" />
            </Method>
          </Methods>
        </Class>
      </Classes>
      <TrackedMethods />
    </Module>
  </Modules>
</CoverageSession>